{"name":"1563951098","hostname":"WINDOWS-KAF5MKC","pid":14224,"level":20,"msg":"Sync server version: 1.1.2 2019-07-21 12:11:04 -0500 c76f9953d4f6aea1ac358e22f56d826d46fd74f3","time":"2019-07-24T06:51:37.753Z","v":0}
{"name":"1563951098","hostname":"WINDOWS-KAF5MKC","pid":14224,"level":30,"msg":"Acquiring actors for session 1563951098: WEB","time":"2019-07-24T06:51:37.759Z","v":0}
{"name":"1563951098","hostname":"WINDOWS-KAF5MKC","pid":14224,"level":30,"msg":"Session 1563951098 with label \"todoist login 7\" started at 2019-07-24 06:51:37 UTC","time":"2019-07-24T06:51:37.764Z","v":0}
{"name":"1563951098","hostname":"WINDOWS-KAF5MKC","pid":14224,"level":30,"actorType":"WEB","actorId":"58874","msg":"Actor 58874 of type WEB was acquired by test session 1563951098","time":"2019-07-24T06:51:38.907Z","v":0}
{"name":"1563951098","hostname":"WINDOWS-KAF5MKC","pid":14224,"level":20,"actorType":"WEB","actorId":"58874","msg":"DEBUG: Test actor JAR versions:","time":"2019-07-24T06:51:38.927Z","v":0}
{"name":"1563951098","hostname":"WINDOWS-KAF5MKC","pid":14224,"level":20,"actorType":"WEB","actorId":"58874","msg":"DEBUG:   opentest-appium-0.0.1.jar: 2019-07-21 12:11 -0500 0.0.1-c76f9953d4f6aea1ac358e22f56d826d46fd74f3","time":"2019-07-24T06:51:38.932Z","v":0}
{"name":"1563951098","hostname":"WINDOWS-KAF5MKC","pid":14224,"level":20,"actorType":"WEB","actorId":"58874","msg":"DEBUG:   opentest-base-0.0.1.jar: 2019-07-21 12:11 -0500 0.0.1-c76f9953d4f6aea1ac358e22f56d826d46fd74f3","time":"2019-07-24T06:51:38.936Z","v":0}
{"name":"1563951098","hostname":"WINDOWS-KAF5MKC","pid":14224,"level":20,"actorType":"WEB","actorId":"58874","msg":"DEBUG:   opentest-selenium-0.0.1.jar: 2019-07-21 12:11 -0500 0.0.1-c76f9953d4f6aea1ac358e22f56d826d46fd74f3","time":"2019-07-24T06:51:38.941Z","v":0}
{"name":"1563951098","hostname":"WINDOWS-KAF5MKC","pid":14224,"level":40,"actorType":"WEB","actorId":"58874","msg":"WARN: Failed to log extension JARs","time":"2019-07-24T06:51:38.946Z","v":0}
{"name":"1563951098","hostname":"WINDOWS-KAF5MKC","pid":14224,"level":30,"actorType":"WEB","actorId":"58874","msg":"==================== WEB: todoist login ====================","time":"2019-07-24T06:51:39.013Z","v":0}
{"name":"1563951098","hostname":"WINDOWS-KAF5MKC","pid":14224,"level":30,"actorType":"WEB","actorId":"58874","msg":"Actor WEB started executing test todoist login...","time":"2019-07-24T06:51:39.021Z","v":0}
{"name":"1563951098","hostname":"WINDOWS-KAF5MKC","pid":14224,"level":30,"actorType":"WEB","actorId":"58874","msg":"Executing segment 1 of test /todoist login...","time":"2019-07-24T06:51:39.042Z","v":0}
{"name":"1563951098","hostname":"WINDOWS-KAF5MKC","pid":14224,"level":30,"actorType":"WEB","actorId":"58874","msg":"Evaluating action 1/1 (org.getopentest.selenium.NavigateTo) in segment 1 (Navigate todolist home page)...","time":"2019-07-24T06:51:39.046Z","v":0}
{"name":"1563951098","hostname":"WINDOWS-KAF5MKC","pid":14224,"level":10,"actorType":"WEB","actorId":"58874","msg":"TRACE: Initializing action org.getopentest.selenium.NavigateTo...","time":"2019-07-24T06:51:39.053Z","v":0}
{"name":"1563951098","hostname":"WINDOWS-KAF5MKC","pid":14224,"level":30,"actorType":"WEB","actorId":"58874","msg":"Loading configuration from \"D:\\KIT\\Internship\\TAF\\openTest\\no2\\actor-web\\actor.yaml\"","time":"2019-07-24T06:51:39.059Z","v":0}
{"name":"1563951098","hostname":"WINDOWS-KAF5MKC","pid":14224,"level":30,"actorType":"WEB","actorId":"58874","msg":"Using local Selenium server","time":"2019-07-24T06:51:39.069Z","v":0}
{"name":"1563951098","hostname":"WINDOWS-KAF5MKC","pid":14224,"level":10,"actorType":"WEB","actorId":"58874","msg":"TRACE: Setting system property \"webdriver.chrome.driver\" to \"C:/Selenium/chromedriver.exe\"","time":"2019-07-24T06:51:39.076Z","v":0}
{"name":"1563951098","hostname":"WINDOWS-KAF5MKC","pid":14224,"level":30,"actorType":"WEB","actorId":"58874","msg":"Executing action org.getopentest.selenium.NavigateTo with arguments {\"url\":\"https://todoist.com/\"}...","time":"2019-07-24T06:51:48.695Z","v":0}
{"name":"1563951098","hostname":"WINDOWS-KAF5MKC","pid":14224,"level":30,"actorType":"WEB","actorId":"58874","msg":"Test session has completed","time":"2019-07-24T06:51:52.766Z","v":0}
{"name":"1563951098","hostname":"WINDOWS-KAF5MKC","pid":14224,"level":10,"actorType":"WEB","actorId":"58874","msg":"TRACE: Firing TEST_COMPLETED event...","time":"2019-07-24T06:51:52.772Z","v":0}
{"name":"1563951098","hostname":"WINDOWS-KAF5MKC","pid":14224,"level":10,"actorType":"WEB","actorId":"58874","msg":"TRACE: Firing SESSION_COMPLETED event...","time":"2019-07-24T06:51:53.385Z","v":0}
{"name":"1563951098","hostname":"WINDOWS-KAF5MKC","pid":14224,"level":30,"actorType":"WEB","actorId":"58874","msg":"Actor 58874 of type WEB with no tags is waiting to be acquired by a test session...","time":"2019-07-24T06:51:53.393Z","v":0}
