{"name":"1564558768","hostname":"WINDOWS-KAF5MKC","pid":684,"level":20,"msg":"Sync server version: 1.1.2 2019-07-21 12:11:04 -0500 c76f9953d4f6aea1ac358e22f56d826d46fd74f3","time":"2019-07-31T07:39:27.909Z","v":0}
{"name":"1564558768","hostname":"WINDOWS-KAF5MKC","pid":684,"level":30,"msg":"Acquiring actors for session 1564558768: WEB","time":"2019-07-31T07:39:27.911Z","v":0}
{"name":"1564558768","hostname":"WINDOWS-KAF5MKC","pid":684,"level":30,"msg":"Session 1564558768 with label \"todoist login 16\" started at 2019-07-31 07:39:27 UTC","time":"2019-07-31T07:39:27.915Z","v":0}
{"name":"1564558768","hostname":"WINDOWS-KAF5MKC","pid":684,"level":30,"actorType":"WEB","actorId":"9790","msg":"Actor 9790 of type WEB was acquired by test session 1564558768","time":"2019-07-31T07:39:29.061Z","v":0}
{"name":"1564558768","hostname":"WINDOWS-KAF5MKC","pid":684,"level":20,"actorType":"WEB","actorId":"9790","msg":"DEBUG: Test actor JAR versions:","time":"2019-07-31T07:39:29.072Z","v":0}
{"name":"1564558768","hostname":"WINDOWS-KAF5MKC","pid":684,"level":20,"actorType":"WEB","actorId":"9790","msg":"DEBUG:   opentest-appium-0.0.1.jar: 2019-07-21 12:11 -0500 0.0.1-c76f9953d4f6aea1ac358e22f56d826d46fd74f3","time":"2019-07-31T07:39:29.076Z","v":0}
{"name":"1564558768","hostname":"WINDOWS-KAF5MKC","pid":684,"level":20,"actorType":"WEB","actorId":"9790","msg":"DEBUG:   opentest-base-0.0.1.jar: 2019-07-21 12:11 -0500 0.0.1-c76f9953d4f6aea1ac358e22f56d826d46fd74f3","time":"2019-07-31T07:39:29.081Z","v":0}
{"name":"1564558768","hostname":"WINDOWS-KAF5MKC","pid":684,"level":20,"actorType":"WEB","actorId":"9790","msg":"DEBUG:   opentest-selenium-0.0.1.jar: 2019-07-21 12:11 -0500 0.0.1-c76f9953d4f6aea1ac358e22f56d826d46fd74f3","time":"2019-07-31T07:39:29.085Z","v":0}
{"name":"1564558768","hostname":"WINDOWS-KAF5MKC","pid":684,"level":40,"actorType":"WEB","actorId":"9790","msg":"WARN: Failed to log extension JARs","time":"2019-07-31T07:39:29.090Z","v":0}
{"name":"1564558768","hostname":"WINDOWS-KAF5MKC","pid":684,"level":30,"actorType":"WEB","actorId":"9790","msg":"==================== WEB: todoist login ====================","time":"2019-07-31T07:39:29.146Z","v":0}
{"name":"1564558768","hostname":"WINDOWS-KAF5MKC","pid":684,"level":30,"actorType":"WEB","actorId":"9790","msg":"Actor WEB started executing test todoist login...","time":"2019-07-31T07:39:29.150Z","v":0}
{"name":"1564558768","hostname":"WINDOWS-KAF5MKC","pid":684,"level":30,"actorType":"WEB","actorId":"9790","msg":"Executing segment 1 of test /todoist login...","time":"2019-07-31T07:39:29.169Z","v":0}
{"name":"1564558768","hostname":"WINDOWS-KAF5MKC","pid":684,"level":30,"actorType":"WEB","actorId":"9790","msg":"Evaluating action 1/7 (org.getopentest.selenium.NavigateTo) in segment 1 (Navigate todolist home page)...","time":"2019-07-31T07:39:29.173Z","v":0}
{"name":"1564558768","hostname":"WINDOWS-KAF5MKC","pid":684,"level":10,"actorType":"WEB","actorId":"9790","msg":"TRACE: Initializing action org.getopentest.selenium.NavigateTo...","time":"2019-07-31T07:39:29.178Z","v":0}
{"name":"1564558768","hostname":"WINDOWS-KAF5MKC","pid":684,"level":30,"actorType":"WEB","actorId":"9790","msg":"Using local Selenium server","time":"2019-07-31T07:39:29.183Z","v":0}
{"name":"1564558768","hostname":"WINDOWS-KAF5MKC","pid":684,"level":10,"actorType":"WEB","actorId":"9790","msg":"TRACE: Setting system property \"webdriver.chrome.driver\" to \"C:/Selenium/chromedriver.exe\"","time":"2019-07-31T07:39:29.190Z","v":0}
{"name":"1564558768","hostname":"WINDOWS-KAF5MKC","pid":684,"level":30,"actorType":"WEB","actorId":"9790","msg":"Executing action org.getopentest.selenium.NavigateTo with arguments {\"url\":\"https://todoist.com/\"}...","time":"2019-07-31T07:39:38.738Z","v":0}
{"name":"1564558768","hostname":"WINDOWS-KAF5MKC","pid":684,"level":30,"actorType":"WEB","actorId":"9790","msg":"Evaluating action 2/7 (org.getopentest.selenium.Click) in segment 1 (Click on Login)...","time":"2019-07-31T07:39:41.062Z","v":0}
{"name":"1564558768","hostname":"WINDOWS-KAF5MKC","pid":684,"level":10,"actorType":"WEB","actorId":"9790","msg":"TRACE: Initializing action org.getopentest.selenium.Click...","time":"2019-07-31T07:39:41.069Z","v":0}
{"name":"1564558768","hostname":"WINDOWS-KAF5MKC","pid":684,"level":30,"actorType":"WEB","actorId":"9790","msg":"Executing action org.getopentest.selenium.Click with arguments {\"locator\":{\"css\":\"a[href='/Users/showLogin']\"}}...","time":"2019-07-31T07:39:41.075Z","v":0}
{"name":"1564558768","hostname":"WINDOWS-KAF5MKC","pid":684,"level":30,"actorType":"WEB","actorId":"9790","msg":"Evaluating action 3/7 (org.getopentest.selenium.SwitchToFrame) in segment 1 (Switch to the first iframe)...","time":"2019-07-31T07:39:43.043Z","v":0}
{"name":"1564558768","hostname":"WINDOWS-KAF5MKC","pid":684,"level":10,"actorType":"WEB","actorId":"9790","msg":"TRACE: Initializing action org.getopentest.selenium.SwitchToFrame...","time":"2019-07-31T07:39:43.049Z","v":0}
{"name":"1564558768","hostname":"WINDOWS-KAF5MKC","pid":684,"level":30,"actorType":"WEB","actorId":"9790","msg":"Executing action org.getopentest.selenium.SwitchToFrame with arguments {\"frameName\":\"GB_frame\"}...","time":"2019-07-31T07:39:43.056Z","v":0}
{"name":"1564558768","hostname":"WINDOWS-KAF5MKC","pid":684,"level":30,"actorType":"WEB","actorId":"9790","msg":"Evaluating action 4/7 (org.getopentest.selenium.SwitchToFrame) in segment 1 (Switch to the second iframe)...","time":"2019-07-31T07:39:43.115Z","v":0}
{"name":"1564558768","hostname":"WINDOWS-KAF5MKC","pid":684,"level":10,"actorType":"WEB","actorId":"9790","msg":"TRACE: Initializing action org.getopentest.selenium.SwitchToFrame...","time":"2019-07-31T07:39:43.126Z","v":0}
{"name":"1564558768","hostname":"WINDOWS-KAF5MKC","pid":684,"level":30,"actorType":"WEB","actorId":"9790","msg":"Executing action org.getopentest.selenium.SwitchToFrame with arguments {\"locator\":{\"id\":\"GB_frame\"}}...","time":"2019-07-31T07:39:43.131Z","v":0}
{"name":"1564558768","hostname":"WINDOWS-KAF5MKC","pid":684,"level":30,"actorType":"WEB","actorId":"9790","msg":"Evaluating action 5/7 (org.getopentest.selenium.SendKeys) in segment 1 (Type email)...","time":"2019-07-31T07:39:43.208Z","v":0}
{"name":"1564558768","hostname":"WINDOWS-KAF5MKC","pid":684,"level":10,"actorType":"WEB","actorId":"9790","msg":"TRACE: Initializing action org.getopentest.selenium.SendKeys...","time":"2019-07-31T07:39:43.212Z","v":0}
{"name":"1564558768","hostname":"WINDOWS-KAF5MKC","pid":684,"level":30,"actorType":"WEB","actorId":"9790","msg":"Executing action org.getopentest.selenium.SendKeys with arguments {\"locator\":{\"id\":\"email\"},\"text\":\"lavtechuy18@kit.edu.kh\"}...","time":"2019-07-31T07:39:43.226Z","v":0}
{"name":"1564558768","hostname":"WINDOWS-KAF5MKC","pid":684,"level":30,"actorType":"WEB","actorId":"9790","msg":"Evaluating action 6/7 (org.getopentest.selenium.SendKeys) in segment 1 (Type password)...","time":"2019-07-31T07:39:43.417Z","v":0}
{"name":"1564558768","hostname":"WINDOWS-KAF5MKC","pid":684,"level":10,"actorType":"WEB","actorId":"9790","msg":"TRACE: Initializing action org.getopentest.selenium.SendKeys...","time":"2019-07-31T07:39:43.422Z","v":0}
{"name":"1564558768","hostname":"WINDOWS-KAF5MKC","pid":684,"level":30,"actorType":"WEB","actorId":"9790","msg":"Executing action org.getopentest.selenium.SendKeys with arguments {\"locator\":{\"id\":\"password\"},\"text\":\"techuy002\"}...","time":"2019-07-31T07:39:43.428Z","v":0}
{"name":"1564558768","hostname":"WINDOWS-KAF5MKC","pid":684,"level":30,"actorType":"WEB","actorId":"9790","msg":"Evaluating action 7/7 (org.getopentest.selenium.Click) in segment 1 (Click the submit button)...","time":"2019-07-31T07:39:43.563Z","v":0}
{"name":"1564558768","hostname":"WINDOWS-KAF5MKC","pid":684,"level":10,"actorType":"WEB","actorId":"9790","msg":"TRACE: Initializing action org.getopentest.selenium.Click...","time":"2019-07-31T07:39:43.569Z","v":0}
{"name":"1564558768","hostname":"WINDOWS-KAF5MKC","pid":684,"level":30,"actorType":"WEB","actorId":"9790","msg":"Executing action org.getopentest.selenium.Click with arguments {\"locator\":{\"css\":\"#login_form a.submit_btn\"}}...","time":"2019-07-31T07:39:43.575Z","v":0}
{"name":"1564558768","hostname":"WINDOWS-KAF5MKC","pid":684,"level":30,"actorType":"WEB","actorId":"9790","msg":"Test session has completed","time":"2019-07-31T07:39:47.797Z","v":0}
{"name":"1564558768","hostname":"WINDOWS-KAF5MKC","pid":684,"level":10,"actorType":"WEB","actorId":"9790","msg":"TRACE: Firing TEST_COMPLETED event...","time":"2019-07-31T07:39:47.802Z","v":0}
{"name":"1564558768","hostname":"WINDOWS-KAF5MKC","pid":684,"level":10,"actorType":"WEB","actorId":"9790","msg":"TRACE: Firing SESSION_COMPLETED event...","time":"2019-07-31T07:39:48.537Z","v":0}
{"name":"1564558768","hostname":"WINDOWS-KAF5MKC","pid":684,"level":30,"actorType":"WEB","actorId":"9790","msg":"Actor 9790 of type WEB with no tags is waiting to be acquired by a test session...","time":"2019-07-31T07:39:48.541Z","v":0}
{"name":"1564558768","hostname":"WINDOWS-KAF5MKC","pid":684,"level":10,"actorType":"WEB","actorId":"9790","msg":"TRACE: Initializing test session information in the \"announce\" method...","time":"2019-07-31T07:47:58.915Z","v":0}
{"name":"1564558768","hostname":"WINDOWS-KAF5MKC","pid":684,"level":10,"actorType":"WEB","actorId":"9790","msg":"TRACE: Session ID in sync server response was 1564559274; actor session ID was null","time":"2019-07-31T07:47:58.922Z","v":0}
