{"name":"1564640807","hostname":"WINDOWS-KAF5MKC","pid":684,"level":20,"msg":"Sync server version: 1.1.2 2019-07-21 12:11:04 -0500 c76f9953d4f6aea1ac358e22f56d826d46fd74f3","time":"2019-08-01T06:26:46.856Z","v":0}
{"name":"1564640807","hostname":"WINDOWS-KAF5MKC","pid":684,"level":30,"msg":"Acquiring actors for session 1564640807: WEB","time":"2019-08-01T06:26:46.859Z","v":0}
{"name":"1564640807","hostname":"WINDOWS-KAF5MKC","pid":684,"level":30,"msg":"Session 1564640807 with label \"todoist login 52\" started at 2019-08-01 06:26:46 UTC","time":"2019-08-01T06:26:46.862Z","v":0}
{"name":"1564640807","hostname":"WINDOWS-KAF5MKC","pid":684,"level":30,"actorType":"WEB","actorId":"9790","msg":"Actor 9790 of type WEB was acquired by test session 1564640807","time":"2019-08-01T06:26:51.305Z","v":0}
{"name":"1564640807","hostname":"WINDOWS-KAF5MKC","pid":684,"level":20,"actorType":"WEB","actorId":"9790","msg":"DEBUG: Test actor JAR versions:","time":"2019-08-01T06:26:51.316Z","v":0}
{"name":"1564640807","hostname":"WINDOWS-KAF5MKC","pid":684,"level":20,"actorType":"WEB","actorId":"9790","msg":"DEBUG:   opentest-appium-0.0.1.jar: 2019-07-21 12:11 -0500 0.0.1-c76f9953d4f6aea1ac358e22f56d826d46fd74f3","time":"2019-08-01T06:26:51.321Z","v":0}
{"name":"1564640807","hostname":"WINDOWS-KAF5MKC","pid":684,"level":20,"actorType":"WEB","actorId":"9790","msg":"DEBUG:   opentest-base-0.0.1.jar: 2019-07-21 12:11 -0500 0.0.1-c76f9953d4f6aea1ac358e22f56d826d46fd74f3","time":"2019-08-01T06:26:51.324Z","v":0}
{"name":"1564640807","hostname":"WINDOWS-KAF5MKC","pid":684,"level":20,"actorType":"WEB","actorId":"9790","msg":"DEBUG:   opentest-selenium-0.0.1.jar: 2019-07-21 12:11 -0500 0.0.1-c76f9953d4f6aea1ac358e22f56d826d46fd74f3","time":"2019-08-01T06:26:51.327Z","v":0}
{"name":"1564640807","hostname":"WINDOWS-KAF5MKC","pid":684,"level":40,"actorType":"WEB","actorId":"9790","msg":"WARN: Failed to log extension JARs","time":"2019-08-01T06:26:51.330Z","v":0}
{"name":"1564640807","hostname":"WINDOWS-KAF5MKC","pid":684,"level":30,"actorType":"WEB","actorId":"9790","msg":"==================== WEB: todoist login ====================","time":"2019-08-01T06:26:51.365Z","v":0}
{"name":"1564640807","hostname":"WINDOWS-KAF5MKC","pid":684,"level":30,"actorType":"WEB","actorId":"9790","msg":"Actor WEB started executing test todoist login...","time":"2019-08-01T06:26:51.368Z","v":0}
{"name":"1564640807","hostname":"WINDOWS-KAF5MKC","pid":684,"level":30,"actorType":"WEB","actorId":"9790","msg":"Executing segment 1 of test /todoist login...","time":"2019-08-01T06:26:51.383Z","v":0}
{"name":"1564640807","hostname":"WINDOWS-KAF5MKC","pid":684,"level":30,"actorType":"WEB","actorId":"9790","msg":"Evaluating action 1/6 (Login) in segment 1...","time":"2019-08-01T06:26:51.387Z","v":0}
{"name":"1564640807","hostname":"WINDOWS-KAF5MKC","pid":684,"level":30,"actorType":"WEB","actorId":"9790","msg":"Executing macro Login with arguments {\"password\":\"techuy002\",\"username\":\"lavtechuy18@kit.edu.kh\"}...","time":"2019-08-01T06:26:51.404Z","v":0}
{"name":"1564640807","hostname":"WINDOWS-KAF5MKC","pid":684,"level":30,"actorType":"WEB","actorId":"9790","msg":"Evaluating action 1/7 in macro Login (Navigate todolist home page)...","time":"2019-08-01T06:26:51.407Z","v":0}
{"name":"1564640807","hostname":"WINDOWS-KAF5MKC","pid":684,"level":10,"actorType":"WEB","actorId":"9790","msg":"TRACE: Initializing action org.getopentest.selenium.NavigateTo...","time":"2019-08-01T06:26:51.410Z","v":0}
{"name":"1564640807","hostname":"WINDOWS-KAF5MKC","pid":684,"level":30,"actorType":"WEB","actorId":"9790","msg":"Using local Selenium server","time":"2019-08-01T06:26:51.413Z","v":0}
{"name":"1564640807","hostname":"WINDOWS-KAF5MKC","pid":684,"level":10,"actorType":"WEB","actorId":"9790","msg":"TRACE: Setting system property \"webdriver.chrome.driver\" to \"C:/Selenium/chromedriver.exe\"","time":"2019-08-01T06:26:51.416Z","v":0}
{"name":"1564640807","hostname":"WINDOWS-KAF5MKC","pid":684,"level":30,"actorType":"WEB","actorId":"9790","msg":"Executing action org.getopentest.selenium.NavigateTo with arguments {\"url\":\"https://todoist.com/\"}...","time":"2019-08-01T06:27:00.524Z","v":0}
{"name":"1564640807","hostname":"WINDOWS-KAF5MKC","pid":684,"level":30,"actorType":"WEB","actorId":"9790","msg":"Evaluating action 2/7 in macro Login (Click on Login)...","time":"2019-08-01T06:27:03.601Z","v":0}
{"name":"1564640807","hostname":"WINDOWS-KAF5MKC","pid":684,"level":10,"actorType":"WEB","actorId":"9790","msg":"TRACE: Initializing action org.getopentest.selenium.Click...","time":"2019-08-01T06:27:03.614Z","v":0}
{"name":"1564640807","hostname":"WINDOWS-KAF5MKC","pid":684,"level":30,"actorType":"WEB","actorId":"9790","msg":"Executing action org.getopentest.selenium.Click with arguments {\"locator\":{\"css\":\"a[href='/Users/showLogin']\"}}...","time":"2019-08-01T06:27:03.617Z","v":0}
{"name":"1564640807","hostname":"WINDOWS-KAF5MKC","pid":684,"level":30,"actorType":"WEB","actorId":"9790","msg":"Evaluating action 3/7 in macro Login (Switch to the first iframe)...","time":"2019-08-01T06:27:05.104Z","v":0}
{"name":"1564640807","hostname":"WINDOWS-KAF5MKC","pid":684,"level":10,"actorType":"WEB","actorId":"9790","msg":"TRACE: Initializing action org.getopentest.selenium.SwitchToFrame...","time":"2019-08-01T06:27:05.112Z","v":0}
{"name":"1564640807","hostname":"WINDOWS-KAF5MKC","pid":684,"level":30,"actorType":"WEB","actorId":"9790","msg":"Executing action org.getopentest.selenium.SwitchToFrame with arguments {\"locator\":{\"name\":\"GB_frame\"}}...","time":"2019-08-01T06:27:05.116Z","v":0}
{"name":"1564640807","hostname":"WINDOWS-KAF5MKC","pid":684,"level":30,"actorType":"WEB","actorId":"9790","msg":"Evaluating action 4/7 in macro Login (Switch to the second iframe)...","time":"2019-08-01T06:27:05.169Z","v":0}
{"name":"1564640807","hostname":"WINDOWS-KAF5MKC","pid":684,"level":10,"actorType":"WEB","actorId":"9790","msg":"TRACE: Initializing action org.getopentest.selenium.SwitchToFrame...","time":"2019-08-01T06:27:05.177Z","v":0}
{"name":"1564640807","hostname":"WINDOWS-KAF5MKC","pid":684,"level":30,"actorType":"WEB","actorId":"9790","msg":"Executing action org.getopentest.selenium.SwitchToFrame with arguments {\"locator\":{\"id\":\"GB_frame\"}}...","time":"2019-08-01T06:27:05.185Z","v":0}
{"name":"1564640807","hostname":"WINDOWS-KAF5MKC","pid":684,"level":30,"actorType":"WEB","actorId":"9790","msg":"Evaluating action 5/7 in macro Login (Type email)...","time":"2019-08-01T06:27:05.250Z","v":0}
{"name":"1564640807","hostname":"WINDOWS-KAF5MKC","pid":684,"level":10,"actorType":"WEB","actorId":"9790","msg":"TRACE: Initializing action org.getopentest.selenium.SendKeys...","time":"2019-08-01T06:27:05.261Z","v":0}
{"name":"1564640807","hostname":"WINDOWS-KAF5MKC","pid":684,"level":30,"actorType":"WEB","actorId":"9790","msg":"Executing action org.getopentest.selenium.SendKeys with arguments {\"locator\":{\"id\":\"email\"},\"text\":\"lavtechuy18@kit.edu.kh\"}...","time":"2019-08-01T06:27:05.267Z","v":0}
{"name":"1564640807","hostname":"WINDOWS-KAF5MKC","pid":684,"level":30,"actorType":"WEB","actorId":"9790","msg":"Evaluating action 6/7 in macro Login (Type password)...","time":"2019-08-01T06:27:05.462Z","v":0}
{"name":"1564640807","hostname":"WINDOWS-KAF5MKC","pid":684,"level":10,"actorType":"WEB","actorId":"9790","msg":"TRACE: Initializing action org.getopentest.selenium.SendKeys...","time":"2019-08-01T06:27:05.473Z","v":0}
{"name":"1564640807","hostname":"WINDOWS-KAF5MKC","pid":684,"level":30,"actorType":"WEB","actorId":"9790","msg":"Executing action org.getopentest.selenium.SendKeys with arguments {\"locator\":{\"id\":\"password\"},\"text\":\"techuy002\"}...","time":"2019-08-01T06:27:05.480Z","v":0}
{"name":"1564640807","hostname":"WINDOWS-KAF5MKC","pid":684,"level":30,"actorType":"WEB","actorId":"9790","msg":"Evaluating action 7/7 in macro Login (Click the submit button)...","time":"2019-08-01T06:27:05.588Z","v":0}
{"name":"1564640807","hostname":"WINDOWS-KAF5MKC","pid":684,"level":10,"actorType":"WEB","actorId":"9790","msg":"TRACE: Initializing action org.getopentest.selenium.Click...","time":"2019-08-01T06:27:05.597Z","v":0}
{"name":"1564640807","hostname":"WINDOWS-KAF5MKC","pid":684,"level":30,"actorType":"WEB","actorId":"9790","msg":"Executing action org.getopentest.selenium.Click with arguments {\"locator\":{\"css\":\"#login_form a.submit_btn\"}}...","time":"2019-08-01T06:27:05.600Z","v":0}
{"name":"1564640807","hostname":"WINDOWS-KAF5MKC","pid":684,"level":30,"actorType":"WEB","actorId":"9790","msg":"Evaluating action 2/6 (org.getopentest.selenium.Click) in segment 1 (Click on Today)...","time":"2019-08-01T06:27:07.706Z","v":0}
{"name":"1564640807","hostname":"WINDOWS-KAF5MKC","pid":684,"level":10,"actorType":"WEB","actorId":"9790","msg":"TRACE: Initializing action org.getopentest.selenium.Click...","time":"2019-08-01T06:27:07.712Z","v":0}
{"name":"1564640807","hostname":"WINDOWS-KAF5MKC","pid":684,"level":30,"actorType":"WEB","actorId":"9790","msg":"Executing action org.getopentest.selenium.Click with arguments {\"locator\":{\"xpath\":\"//ul[@id='top_filters']//span[text()='Today']\"}}...","time":"2019-08-01T06:27:07.716Z","v":0}
{"name":"1564640807","hostname":"WINDOWS-KAF5MKC","pid":684,"level":30,"actorType":"WEB","actorId":"9790","msg":"Evaluating action 3/6 (org.getopentest.selenium.Click) in segment 1 (Click on Add Task)...","time":"2019-08-01T06:27:09.505Z","v":0}
{"name":"1564640807","hostname":"WINDOWS-KAF5MKC","pid":684,"level":10,"actorType":"WEB","actorId":"9790","msg":"TRACE: Initializing action org.getopentest.selenium.Click...","time":"2019-08-01T06:27:09.509Z","v":0}
{"name":"1564640807","hostname":"WINDOWS-KAF5MKC","pid":684,"level":30,"actorType":"WEB","actorId":"9790","msg":"Executing action org.getopentest.selenium.Click with arguments {\"locator\":{\"css\":\"li.agenda_add_task a\"}}...","time":"2019-08-01T06:27:09.513Z","v":0}
{"name":"1564640807","hostname":"WINDOWS-KAF5MKC","pid":684,"level":30,"actorType":"WEB","actorId":"9790","msg":"Evaluating action 4/6 (org.getopentest.selenium.Click) in segment 1 (Type something in the taskbox)...","time":"2019-08-01T06:27:09.666Z","v":0}
{"name":"1564640807","hostname":"WINDOWS-KAF5MKC","pid":684,"level":10,"actorType":"WEB","actorId":"9790","msg":"TRACE: Initializing action org.getopentest.selenium.Click...","time":"2019-08-01T06:27:09.672Z","v":0}
{"name":"1564640807","hostname":"WINDOWS-KAF5MKC","pid":684,"level":30,"actorType":"WEB","actorId":"9790","msg":"Executing action org.getopentest.selenium.Click with arguments {\"locator\":{\"css\":\"ul.items div.DraftEditor-root\"}}...","time":"2019-08-01T06:27:09.680Z","v":0}
{"name":"1564640807","hostname":"WINDOWS-KAF5MKC","pid":684,"level":30,"actorType":"WEB","actorId":"9790","msg":"Evaluating action 5/6 (org.getopentest.selenium.ActionsSendKeys) in segment 1 (Type something)...","time":"2019-08-01T06:27:09.773Z","v":0}
{"name":"1564640807","hostname":"WINDOWS-KAF5MKC","pid":684,"level":10,"actorType":"WEB","actorId":"9790","msg":"TRACE: Initializing action org.getopentest.selenium.ActionsSendKeys...","time":"2019-08-01T06:27:09.777Z","v":0}
{"name":"1564640807","hostname":"WINDOWS-KAF5MKC","pid":684,"level":30,"actorType":"WEB","actorId":"9790","msg":"Executing action org.getopentest.selenium.ActionsSendKeys with arguments {\"text\":\"OpenTest integrates with jenkins\"}...","time":"2019-08-01T06:27:09.780Z","v":0}
{"name":"1564640807","hostname":"WINDOWS-KAF5MKC","pid":684,"level":30,"actorType":"WEB","actorId":"9790","msg":"Evaluating action 6/6 (org.getopentest.selenium.Click) in segment 1 (Click Add Task)...","time":"2019-08-01T06:27:09.783Z","v":0}
{"name":"1564640807","hostname":"WINDOWS-KAF5MKC","pid":684,"level":10,"actorType":"WEB","actorId":"9790","msg":"TRACE: Initializing action org.getopentest.selenium.Click...","time":"2019-08-01T06:27:09.786Z","v":0}
{"name":"1564640807","hostname":"WINDOWS-KAF5MKC","pid":684,"level":30,"actorType":"WEB","actorId":"9790","msg":"Executing action org.getopentest.selenium.Click with arguments {\"locator\":{\"css\":\"li.manager div.item_editor_actions button.item_editor_submit\"}}...","time":"2019-08-01T06:27:09.790Z","v":0}
{"name":"1564640807","hostname":"WINDOWS-KAF5MKC","pid":684,"level":30,"actorType":"WEB","actorId":"9790","msg":"Test session has completed","time":"2019-08-01T06:27:10.393Z","v":0}
{"name":"1564640807","hostname":"WINDOWS-KAF5MKC","pid":684,"level":10,"actorType":"WEB","actorId":"9790","msg":"TRACE: Firing TEST_COMPLETED event...","time":"2019-08-01T06:27:10.396Z","v":0}
{"name":"1564640807","hostname":"WINDOWS-KAF5MKC","pid":684,"level":10,"actorType":"WEB","actorId":"9790","msg":"TRACE: Firing SESSION_COMPLETED event...","time":"2019-08-01T06:27:11.061Z","v":0}
{"name":"1564640807","hostname":"WINDOWS-KAF5MKC","pid":684,"level":30,"actorType":"WEB","actorId":"9790","msg":"Actor 9790 of type WEB with no tags is waiting to be acquired by a test session...","time":"2019-08-01T06:27:11.064Z","v":0}
{"name":"1564640807","hostname":"WINDOWS-KAF5MKC","pid":684,"level":10,"actorType":"WEB","actorId":"9790","msg":"TRACE: Initializing test session information in the \"announce\" method...","time":"2019-08-01T06:32:15.764Z","v":0}
{"name":"1564640807","hostname":"WINDOWS-KAF5MKC","pid":684,"level":10,"actorType":"WEB","actorId":"9790","msg":"TRACE: Session ID in sync server response was 1564641132; actor session ID was null","time":"2019-08-01T06:32:15.771Z","v":0}
