{"name":"1564641210","hostname":"WINDOWS-KAF5MKC","pid":684,"level":20,"msg":"Sync server version: 1.1.2 2019-07-21 12:11:04 -0500 c76f9953d4f6aea1ac358e22f56d826d46fd74f3","time":"2019-08-01T06:33:29.687Z","v":0}
{"name":"1564641210","hostname":"WINDOWS-KAF5MKC","pid":684,"level":30,"msg":"Acquiring actors for session 1564641210: WEB","time":"2019-08-01T06:33:29.691Z","v":0}
{"name":"1564641210","hostname":"WINDOWS-KAF5MKC","pid":684,"level":30,"msg":"Session 1564641210 with label \"Login Test\" started at 2019-08-01 06:33:29 UTC","time":"2019-08-01T06:33:29.695Z","v":0}
{"name":"1564641210","hostname":"WINDOWS-KAF5MKC","pid":684,"level":30,"actorType":"WEB","actorId":"9790","msg":"Actor 9790 of type WEB was acquired by test session 1564641210","time":"2019-08-01T06:33:31.170Z","v":0}
{"name":"1564641210","hostname":"WINDOWS-KAF5MKC","pid":684,"level":20,"actorType":"WEB","actorId":"9790","msg":"DEBUG: Test actor JAR versions:","time":"2019-08-01T06:33:31.183Z","v":0}
{"name":"1564641210","hostname":"WINDOWS-KAF5MKC","pid":684,"level":20,"actorType":"WEB","actorId":"9790","msg":"DEBUG:   opentest-appium-0.0.1.jar: 2019-07-21 12:11 -0500 0.0.1-c76f9953d4f6aea1ac358e22f56d826d46fd74f3","time":"2019-08-01T06:33:31.187Z","v":0}
{"name":"1564641210","hostname":"WINDOWS-KAF5MKC","pid":684,"level":20,"actorType":"WEB","actorId":"9790","msg":"DEBUG:   opentest-base-0.0.1.jar: 2019-07-21 12:11 -0500 0.0.1-c76f9953d4f6aea1ac358e22f56d826d46fd74f3","time":"2019-08-01T06:33:31.196Z","v":0}
{"name":"1564641210","hostname":"WINDOWS-KAF5MKC","pid":684,"level":20,"actorType":"WEB","actorId":"9790","msg":"DEBUG:   opentest-selenium-0.0.1.jar: 2019-07-21 12:11 -0500 0.0.1-c76f9953d4f6aea1ac358e22f56d826d46fd74f3","time":"2019-08-01T06:33:31.203Z","v":0}
{"name":"1564641210","hostname":"WINDOWS-KAF5MKC","pid":684,"level":40,"actorType":"WEB","actorId":"9790","msg":"WARN: Failed to log extension JARs","time":"2019-08-01T06:33:31.214Z","v":0}
{"name":"1564641210","hostname":"WINDOWS-KAF5MKC","pid":684,"level":30,"actorType":"WEB","actorId":"9790","msg":"==================== WEB: todoist login ====================","time":"2019-08-01T06:33:31.283Z","v":0}
{"name":"1564641210","hostname":"WINDOWS-KAF5MKC","pid":684,"level":30,"actorType":"WEB","actorId":"9790","msg":"Actor WEB started executing test todoist login...","time":"2019-08-01T06:33:31.286Z","v":0}
{"name":"1564641210","hostname":"WINDOWS-KAF5MKC","pid":684,"level":30,"actorType":"WEB","actorId":"9790","msg":"Executing segment 1 of test /todoist login...","time":"2019-08-01T06:33:31.315Z","v":0}
{"name":"1564641210","hostname":"WINDOWS-KAF5MKC","pid":684,"level":30,"actorType":"WEB","actorId":"9790","msg":"Evaluating action 1/1 (Login) in segment 1...","time":"2019-08-01T06:33:31.318Z","v":0}
{"name":"1564641210","hostname":"WINDOWS-KAF5MKC","pid":684,"level":30,"actorType":"WEB","actorId":"9790","msg":"Executing macro Login with arguments {\"password\":\"techuy002\",\"username\":\"lavtechuy18@kit.edu.kh\"}...","time":"2019-08-01T06:33:31.345Z","v":0}
{"name":"1564641210","hostname":"WINDOWS-KAF5MKC","pid":684,"level":30,"actorType":"WEB","actorId":"9790","msg":"Evaluating action 1/7 in macro Login (Navigate todolist home page)...","time":"2019-08-01T06:33:31.348Z","v":0}
{"name":"1564641210","hostname":"WINDOWS-KAF5MKC","pid":684,"level":10,"actorType":"WEB","actorId":"9790","msg":"TRACE: Initializing action org.getopentest.selenium.NavigateTo...","time":"2019-08-01T06:33:31.351Z","v":0}
{"name":"1564641210","hostname":"WINDOWS-KAF5MKC","pid":684,"level":30,"actorType":"WEB","actorId":"9790","msg":"Using local Selenium server","time":"2019-08-01T06:33:31.354Z","v":0}
{"name":"1564641210","hostname":"WINDOWS-KAF5MKC","pid":684,"level":10,"actorType":"WEB","actorId":"9790","msg":"TRACE: Setting system property \"webdriver.chrome.driver\" to \"C:/Selenium/chromedriver.exe\"","time":"2019-08-01T06:33:31.360Z","v":0}
{"name":"1564641210","hostname":"WINDOWS-KAF5MKC","pid":684,"level":30,"actorType":"WEB","actorId":"9790","msg":"Executing action org.getopentest.selenium.NavigateTo with arguments {\"url\":\"https://todoist.com/\"}...","time":"2019-08-01T06:33:40.606Z","v":0}
{"name":"1564641210","hostname":"WINDOWS-KAF5MKC","pid":684,"level":30,"actorType":"WEB","actorId":"9790","msg":"Evaluating action 2/7 in macro Login (Click on Login)...","time":"2019-08-01T06:33:43.643Z","v":0}
{"name":"1564641210","hostname":"WINDOWS-KAF5MKC","pid":684,"level":10,"actorType":"WEB","actorId":"9790","msg":"TRACE: Initializing action org.getopentest.selenium.Click...","time":"2019-08-01T06:33:43.663Z","v":0}
{"name":"1564641210","hostname":"WINDOWS-KAF5MKC","pid":684,"level":30,"actorType":"WEB","actorId":"9790","msg":"Executing action org.getopentest.selenium.Click with arguments {\"locator\":{\"css\":\"a[href='/Users/showLogin']\"}}...","time":"2019-08-01T06:33:43.671Z","v":0}
{"name":"1564641210","hostname":"WINDOWS-KAF5MKC","pid":684,"level":30,"actorType":"WEB","actorId":"9790","msg":"Evaluating action 3/7 in macro Login (Switch to the first iframe)...","time":"2019-08-01T06:33:45.876Z","v":0}
{"name":"1564641210","hostname":"WINDOWS-KAF5MKC","pid":684,"level":10,"actorType":"WEB","actorId":"9790","msg":"TRACE: Initializing action org.getopentest.selenium.SwitchToFrame...","time":"2019-08-01T06:33:45.894Z","v":0}
{"name":"1564641210","hostname":"WINDOWS-KAF5MKC","pid":684,"level":30,"actorType":"WEB","actorId":"9790","msg":"Executing action org.getopentest.selenium.SwitchToFrame with arguments {\"locator\":{\"name\":\"GB_frame\"}}...","time":"2019-08-01T06:33:45.904Z","v":0}
{"name":"1564641210","hostname":"WINDOWS-KAF5MKC","pid":684,"level":30,"actorType":"WEB","actorId":"9790","msg":"Evaluating action 4/7 in macro Login (Switch to the second iframe)...","time":"2019-08-01T06:33:45.983Z","v":0}
{"name":"1564641210","hostname":"WINDOWS-KAF5MKC","pid":684,"level":10,"actorType":"WEB","actorId":"9790","msg":"TRACE: Initializing action org.getopentest.selenium.SwitchToFrame...","time":"2019-08-01T06:33:45.990Z","v":0}
{"name":"1564641210","hostname":"WINDOWS-KAF5MKC","pid":684,"level":30,"actorType":"WEB","actorId":"9790","msg":"Executing action org.getopentest.selenium.SwitchToFrame with arguments {\"locator\":{\"id\":\"GB_frame\"}}...","time":"2019-08-01T06:33:45.994Z","v":0}
{"name":"1564641210","hostname":"WINDOWS-KAF5MKC","pid":684,"level":30,"actorType":"WEB","actorId":"9790","msg":"Evaluating action 5/7 in macro Login (Type email)...","time":"2019-08-01T06:33:46.071Z","v":0}
{"name":"1564641210","hostname":"WINDOWS-KAF5MKC","pid":684,"level":10,"actorType":"WEB","actorId":"9790","msg":"TRACE: Initializing action org.getopentest.selenium.SendKeys...","time":"2019-08-01T06:33:46.086Z","v":0}
{"name":"1564641210","hostname":"WINDOWS-KAF5MKC","pid":684,"level":30,"actorType":"WEB","actorId":"9790","msg":"Executing action org.getopentest.selenium.SendKeys with arguments {\"locator\":{\"id\":\"email\"},\"text\":\"lavtechuy18@kit.edu.kh\"}...","time":"2019-08-01T06:33:46.090Z","v":0}
{"name":"1564641210","hostname":"WINDOWS-KAF5MKC","pid":684,"level":30,"actorType":"WEB","actorId":"9790","msg":"Evaluating action 6/7 in macro Login (Type password)...","time":"2019-08-01T06:33:46.342Z","v":0}
{"name":"1564641210","hostname":"WINDOWS-KAF5MKC","pid":684,"level":10,"actorType":"WEB","actorId":"9790","msg":"TRACE: Initializing action org.getopentest.selenium.SendKeys...","time":"2019-08-01T06:33:46.359Z","v":0}
{"name":"1564641210","hostname":"WINDOWS-KAF5MKC","pid":684,"level":30,"actorType":"WEB","actorId":"9790","msg":"Executing action org.getopentest.selenium.SendKeys with arguments {\"locator\":{\"id\":\"password\"},\"text\":\"techuy002\"}...","time":"2019-08-01T06:33:46.370Z","v":0}
{"name":"1564641210","hostname":"WINDOWS-KAF5MKC","pid":684,"level":30,"actorType":"WEB","actorId":"9790","msg":"Evaluating action 7/7 in macro Login (Click the submit button)...","time":"2019-08-01T06:33:46.534Z","v":0}
{"name":"1564641210","hostname":"WINDOWS-KAF5MKC","pid":684,"level":10,"actorType":"WEB","actorId":"9790","msg":"TRACE: Initializing action org.getopentest.selenium.Click...","time":"2019-08-01T06:33:46.541Z","v":0}
{"name":"1564641210","hostname":"WINDOWS-KAF5MKC","pid":684,"level":30,"actorType":"WEB","actorId":"9790","msg":"Executing action org.getopentest.selenium.Click with arguments {\"locator\":{\"css\":\"#login_form a.submit_btn\"}}...","time":"2019-08-01T06:33:46.548Z","v":0}
{"name":"1564641210","hostname":"WINDOWS-KAF5MKC","pid":684,"level":30,"actorType":"WEB","actorId":"9790","msg":"Test session has completed","time":"2019-08-01T06:33:50.400Z","v":0}
{"name":"1564641210","hostname":"WINDOWS-KAF5MKC","pid":684,"level":10,"actorType":"WEB","actorId":"9790","msg":"TRACE: Firing TEST_COMPLETED event...","time":"2019-08-01T06:33:50.403Z","v":0}
{"name":"1564641210","hostname":"WINDOWS-KAF5MKC","pid":684,"level":10,"actorType":"WEB","actorId":"9790","msg":"TRACE: Firing SESSION_COMPLETED event...","time":"2019-08-01T06:33:51.046Z","v":0}
{"name":"1564641210","hostname":"WINDOWS-KAF5MKC","pid":684,"level":30,"actorType":"WEB","actorId":"9790","msg":"Actor 9790 of type WEB with no tags is waiting to be acquired by a test session...","time":"2019-08-01T06:33:51.051Z","v":0}
