{"name":"1564558729","hostname":"WINDOWS-KAF5MKC","pid":684,"level":20,"msg":"Sync server version: 1.1.2 2019-07-21 12:11:04 -0500 c76f9953d4f6aea1ac358e22f56d826d46fd74f3","time":"2019-07-31T07:38:48.942Z","v":0}
{"name":"1564558729","hostname":"WINDOWS-KAF5MKC","pid":684,"level":30,"msg":"Acquiring actors for session 1564558729: WEB","time":"2019-07-31T07:38:48.945Z","v":0}
{"name":"1564558729","hostname":"WINDOWS-KAF5MKC","pid":684,"level":30,"msg":"Session 1564558729 with label \"todoist login 15\" started at 2019-07-31 07:38:48 UTC","time":"2019-07-31T07:38:48.948Z","v":0}
{"name":"1564558729","hostname":"WINDOWS-KAF5MKC","pid":684,"level":30,"actorType":"WEB","actorId":"9790","msg":"Actor 9790 of type WEB was acquired by test session 1564558729","time":"2019-07-31T07:38:53.493Z","v":0}
{"name":"1564558729","hostname":"WINDOWS-KAF5MKC","pid":684,"level":20,"actorType":"WEB","actorId":"9790","msg":"DEBUG: Test actor JAR versions:","time":"2019-07-31T07:38:53.504Z","v":0}
{"name":"1564558729","hostname":"WINDOWS-KAF5MKC","pid":684,"level":20,"actorType":"WEB","actorId":"9790","msg":"DEBUG:   opentest-appium-0.0.1.jar: 2019-07-21 12:11 -0500 0.0.1-c76f9953d4f6aea1ac358e22f56d826d46fd74f3","time":"2019-07-31T07:38:53.509Z","v":0}
{"name":"1564558729","hostname":"WINDOWS-KAF5MKC","pid":684,"level":20,"actorType":"WEB","actorId":"9790","msg":"DEBUG:   opentest-base-0.0.1.jar: 2019-07-21 12:11 -0500 0.0.1-c76f9953d4f6aea1ac358e22f56d826d46fd74f3","time":"2019-07-31T07:38:53.516Z","v":0}
{"name":"1564558729","hostname":"WINDOWS-KAF5MKC","pid":684,"level":20,"actorType":"WEB","actorId":"9790","msg":"DEBUG:   opentest-selenium-0.0.1.jar: 2019-07-21 12:11 -0500 0.0.1-c76f9953d4f6aea1ac358e22f56d826d46fd74f3","time":"2019-07-31T07:38:53.521Z","v":0}
{"name":"1564558729","hostname":"WINDOWS-KAF5MKC","pid":684,"level":40,"actorType":"WEB","actorId":"9790","msg":"WARN: Failed to log extension JARs","time":"2019-07-31T07:38:53.527Z","v":0}
{"name":"1564558729","hostname":"WINDOWS-KAF5MKC","pid":684,"level":30,"actorType":"WEB","actorId":"9790","msg":"==================== WEB: todoist login ====================","time":"2019-07-31T07:38:53.651Z","v":0}
{"name":"1564558729","hostname":"WINDOWS-KAF5MKC","pid":684,"level":30,"actorType":"WEB","actorId":"9790","msg":"Actor WEB started executing test todoist login...","time":"2019-07-31T07:38:53.656Z","v":0}
{"name":"1564558729","hostname":"WINDOWS-KAF5MKC","pid":684,"level":30,"actorType":"WEB","actorId":"9790","msg":"Executing segment 1 of test /todoist login...","time":"2019-07-31T07:38:53.676Z","v":0}
{"name":"1564558729","hostname":"WINDOWS-KAF5MKC","pid":684,"level":30,"actorType":"WEB","actorId":"9790","msg":"Evaluating action 1/6 (org.getopentest.selenium.NavigateTo) in segment 1 (Navigate todolist home page)...","time":"2019-07-31T07:38:53.682Z","v":0}
{"name":"1564558729","hostname":"WINDOWS-KAF5MKC","pid":684,"level":10,"actorType":"WEB","actorId":"9790","msg":"TRACE: Initializing action org.getopentest.selenium.NavigateTo...","time":"2019-07-31T07:38:53.692Z","v":0}
{"name":"1564558729","hostname":"WINDOWS-KAF5MKC","pid":684,"level":30,"actorType":"WEB","actorId":"9790","msg":"Loading configuration from \"D:\\KIT\\Internship\\TAF\\openTest\\no2\\actor-web\\actor.yaml\"","time":"2019-07-31T07:38:53.702Z","v":0}
{"name":"1564558729","hostname":"WINDOWS-KAF5MKC","pid":684,"level":30,"actorType":"WEB","actorId":"9790","msg":"Using local Selenium server","time":"2019-07-31T07:38:53.779Z","v":0}
{"name":"1564558729","hostname":"WINDOWS-KAF5MKC","pid":684,"level":10,"actorType":"WEB","actorId":"9790","msg":"TRACE: Setting system property \"webdriver.chrome.driver\" to \"C:/Selenium/chromedriver.exe\"","time":"2019-07-31T07:38:53.785Z","v":0}
{"name":"1564558729","hostname":"WINDOWS-KAF5MKC","pid":684,"level":30,"actorType":"WEB","actorId":"9790","msg":"Executing action org.getopentest.selenium.NavigateTo with arguments {\"url\":\"https://todoist.com/\"}...","time":"2019-07-31T07:39:04.174Z","v":0}
{"name":"1564558729","hostname":"WINDOWS-KAF5MKC","pid":684,"level":30,"actorType":"WEB","actorId":"9790","msg":"Evaluating action 2/6 (org.getopentest.selenium.Click) in segment 1 (Click on Login)...","time":"2019-07-31T07:39:06.554Z","v":0}
{"name":"1564558729","hostname":"WINDOWS-KAF5MKC","pid":684,"level":10,"actorType":"WEB","actorId":"9790","msg":"TRACE: Initializing action org.getopentest.selenium.Click...","time":"2019-07-31T07:39:06.560Z","v":0}
{"name":"1564558729","hostname":"WINDOWS-KAF5MKC","pid":684,"level":30,"actorType":"WEB","actorId":"9790","msg":"Executing action org.getopentest.selenium.Click with arguments {\"locator\":{\"css\":\"a[href='/Users/showLogin']\"}}...","time":"2019-07-31T07:39:06.568Z","v":0}
{"name":"1564558729","hostname":"WINDOWS-KAF5MKC","pid":684,"level":30,"actorType":"WEB","actorId":"9790","msg":"Evaluating action 3/6 (org.getopentest.selenium.SwitchToFrame) in segment 1 (Switch to the first iframe)...","time":"2019-07-31T07:39:08.233Z","v":0}
{"name":"1564558729","hostname":"WINDOWS-KAF5MKC","pid":684,"level":10,"actorType":"WEB","actorId":"9790","msg":"TRACE: Initializing action org.getopentest.selenium.SwitchToFrame...","time":"2019-07-31T07:39:08.239Z","v":0}
{"name":"1564558729","hostname":"WINDOWS-KAF5MKC","pid":684,"level":30,"actorType":"WEB","actorId":"9790","msg":"Executing action org.getopentest.selenium.SwitchToFrame with arguments {\"frameName\":\"GB_frame\"}...","time":"2019-07-31T07:39:08.248Z","v":0}
{"name":"1564558729","hostname":"WINDOWS-KAF5MKC","pid":684,"level":30,"actorType":"WEB","actorId":"9790","msg":"Evaluating action 4/6 (org.getopentest.selenium.SwitchToFrame) in segment 1 (Switch to the second iframe)...","time":"2019-07-31T07:39:08.315Z","v":0}
{"name":"1564558729","hostname":"WINDOWS-KAF5MKC","pid":684,"level":10,"actorType":"WEB","actorId":"9790","msg":"TRACE: Initializing action org.getopentest.selenium.SwitchToFrame...","time":"2019-07-31T07:39:08.320Z","v":0}
{"name":"1564558729","hostname":"WINDOWS-KAF5MKC","pid":684,"level":30,"actorType":"WEB","actorId":"9790","msg":"Executing action org.getopentest.selenium.SwitchToFrame with arguments {\"locator\":{\"id\":\"GB_frame\"}}...","time":"2019-07-31T07:39:08.326Z","v":0}
{"name":"1564558729","hostname":"WINDOWS-KAF5MKC","pid":684,"level":30,"actorType":"WEB","actorId":"9790","msg":"Evaluating action 5/6 (org.getopentest.selenium.SendKeys) in segment 1 (Type email)...","time":"2019-07-31T07:39:08.399Z","v":0}
{"name":"1564558729","hostname":"WINDOWS-KAF5MKC","pid":684,"level":10,"actorType":"WEB","actorId":"9790","msg":"TRACE: Initializing action org.getopentest.selenium.SendKeys...","time":"2019-07-31T07:39:08.408Z","v":0}
{"name":"1564558729","hostname":"WINDOWS-KAF5MKC","pid":684,"level":30,"actorType":"WEB","actorId":"9790","msg":"Executing action org.getopentest.selenium.SendKeys with arguments {\"locator\":{\"id\":\"email\"},\"text\":\"lavtechuy18@kit.edu.kh\"}...","time":"2019-07-31T07:39:08.415Z","v":0}
{"name":"1564558729","hostname":"WINDOWS-KAF5MKC","pid":684,"level":30,"actorType":"WEB","actorId":"9790","msg":"Evaluating action 6/6 (org.getopentest.selenium.SendKeys) in segment 1 (Type password)...","time":"2019-07-31T07:39:08.641Z","v":0}
{"name":"1564558729","hostname":"WINDOWS-KAF5MKC","pid":684,"level":10,"actorType":"WEB","actorId":"9790","msg":"TRACE: Initializing action org.getopentest.selenium.SendKeys...","time":"2019-07-31T07:39:08.648Z","v":0}
{"name":"1564558729","hostname":"WINDOWS-KAF5MKC","pid":684,"level":30,"actorType":"WEB","actorId":"9790","msg":"Executing action org.getopentest.selenium.SendKeys with arguments {\"locator\":{\"id\":\"password\"},\"text\":\"techuy002\"}...","time":"2019-07-31T07:39:08.656Z","v":0}
{"name":"1564558729","hostname":"WINDOWS-KAF5MKC","pid":684,"level":30,"actorType":"WEB","actorId":"9790","msg":"Test session has completed","time":"2019-07-31T07:39:09.364Z","v":0}
{"name":"1564558729","hostname":"WINDOWS-KAF5MKC","pid":684,"level":10,"actorType":"WEB","actorId":"9790","msg":"TRACE: Firing TEST_COMPLETED event...","time":"2019-07-31T07:39:09.369Z","v":0}
{"name":"1564558729","hostname":"WINDOWS-KAF5MKC","pid":684,"level":10,"actorType":"WEB","actorId":"9790","msg":"TRACE: Firing SESSION_COMPLETED event...","time":"2019-07-31T07:39:10.043Z","v":0}
{"name":"1564558729","hostname":"WINDOWS-KAF5MKC","pid":684,"level":30,"actorType":"WEB","actorId":"9790","msg":"Actor 9790 of type WEB with no tags is waiting to be acquired by a test session...","time":"2019-07-31T07:39:10.047Z","v":0}
{"name":"1564558729","hostname":"WINDOWS-KAF5MKC","pid":684,"level":10,"actorType":"WEB","actorId":"9790","msg":"TRACE: Initializing test session information in the \"announce\" method...","time":"2019-07-31T07:39:28.067Z","v":0}
{"name":"1564558729","hostname":"WINDOWS-KAF5MKC","pid":684,"level":10,"actorType":"WEB","actorId":"9790","msg":"TRACE: Session ID in sync server response was 1564558768; actor session ID was null","time":"2019-07-31T07:39:28.072Z","v":0}
