{"name":"1564558356","hostname":"WINDOWS-KAF5MKC","pid":684,"level":20,"msg":"Sync server version: 1.1.2 2019-07-21 12:11:04 -0500 c76f9953d4f6aea1ac358e22f56d826d46fd74f3","time":"2019-07-31T07:32:35.783Z","v":0}
{"name":"1564558356","hostname":"WINDOWS-KAF5MKC","pid":684,"level":30,"msg":"Acquiring actors for session 1564558356: WEB","time":"2019-07-31T07:32:35.838Z","v":0}
{"name":"1564558356","hostname":"WINDOWS-KAF5MKC","pid":684,"level":30,"msg":"Session 1564558356 with label \"todoist login 10\" started at 2019-07-31 07:32:35 UTC","time":"2019-07-31T07:32:35.841Z","v":0}
{"name":"1564558356","hostname":"WINDOWS-KAF5MKC","pid":684,"level":30,"actorType":"WEB","actorId":"7111","msg":"Actor 7111 of type WEB was acquired by test session 1564558356","time":"2019-07-31T07:32:35.986Z","v":0}
{"name":"1564558356","hostname":"WINDOWS-KAF5MKC","pid":684,"level":20,"actorType":"WEB","actorId":"7111","msg":"DEBUG: Test actor JAR versions:","time":"2019-07-31T07:32:36.005Z","v":0}
{"name":"1564558356","hostname":"WINDOWS-KAF5MKC","pid":684,"level":20,"actorType":"WEB","actorId":"7111","msg":"DEBUG:   opentest-appium-0.0.1.jar: 2019-07-21 12:11 -0500 0.0.1-c76f9953d4f6aea1ac358e22f56d826d46fd74f3","time":"2019-07-31T07:32:36.011Z","v":0}
{"name":"1564558356","hostname":"WINDOWS-KAF5MKC","pid":684,"level":20,"actorType":"WEB","actorId":"7111","msg":"DEBUG:   opentest-base-0.0.1.jar: 2019-07-21 12:11 -0500 0.0.1-c76f9953d4f6aea1ac358e22f56d826d46fd74f3","time":"2019-07-31T07:32:36.016Z","v":0}
{"name":"1564558356","hostname":"WINDOWS-KAF5MKC","pid":684,"level":20,"actorType":"WEB","actorId":"7111","msg":"DEBUG:   opentest-selenium-0.0.1.jar: 2019-07-21 12:11 -0500 0.0.1-c76f9953d4f6aea1ac358e22f56d826d46fd74f3","time":"2019-07-31T07:32:36.021Z","v":0}
{"name":"1564558356","hostname":"WINDOWS-KAF5MKC","pid":684,"level":40,"actorType":"WEB","actorId":"7111","msg":"WARN: Failed to log extension JARs","time":"2019-07-31T07:32:36.025Z","v":0}
{"name":"1564558356","hostname":"WINDOWS-KAF5MKC","pid":684,"level":30,"actorType":"WEB","actorId":"7111","msg":"==================== WEB: todoist login ====================","time":"2019-07-31T07:32:36.114Z","v":0}
{"name":"1564558356","hostname":"WINDOWS-KAF5MKC","pid":684,"level":30,"actorType":"WEB","actorId":"7111","msg":"Actor WEB started executing test todoist login...","time":"2019-07-31T07:32:36.118Z","v":0}
{"name":"1564558356","hostname":"WINDOWS-KAF5MKC","pid":684,"level":30,"actorType":"WEB","actorId":"7111","msg":"Executing segment 1 of test /todoist login...","time":"2019-07-31T07:32:36.137Z","v":0}
{"name":"1564558356","hostname":"WINDOWS-KAF5MKC","pid":684,"level":30,"actorType":"WEB","actorId":"7111","msg":"Evaluating action 1/4 (org.getopentest.selenium.SwitchToFrame) in segment 1 (Switch to the first iframe)...","time":"2019-07-31T07:32:36.141Z","v":0}
{"name":"1564558356","hostname":"WINDOWS-KAF5MKC","pid":684,"level":10,"actorType":"WEB","actorId":"7111","msg":"TRACE: Initializing action org.getopentest.selenium.SwitchToFrame...","time":"2019-07-31T07:32:36.147Z","v":0}
{"name":"1564558356","hostname":"WINDOWS-KAF5MKC","pid":684,"level":30,"actorType":"WEB","actorId":"7111","msg":"Executing action org.getopentest.selenium.SwitchToFrame with arguments {\"frameName\":\"GB_frame\"}...","time":"2019-07-31T07:32:36.151Z","v":0}
{"name":"1564558356","hostname":"WINDOWS-KAF5MKC","pid":684,"level":30,"actorType":"WEB","actorId":"7111","msg":"Evaluating action 2/4 (org.getopentest.selenium.SwitchToFrame) in segment 1 (Switch to the first iframe)...","time":"2019-07-31T07:32:36.229Z","v":0}
{"name":"1564558356","hostname":"WINDOWS-KAF5MKC","pid":684,"level":10,"actorType":"WEB","actorId":"7111","msg":"TRACE: Initializing action org.getopentest.selenium.SwitchToFrame...","time":"2019-07-31T07:32:36.233Z","v":0}
{"name":"1564558356","hostname":"WINDOWS-KAF5MKC","pid":684,"level":30,"actorType":"WEB","actorId":"7111","msg":"Executing action org.getopentest.selenium.SwitchToFrame with arguments {\"locator\":{\"id\":\"GB_frame\"}}...","time":"2019-07-31T07:32:36.237Z","v":0}
{"name":"1564558356","hostname":"WINDOWS-KAF5MKC","pid":684,"level":30,"actorType":"WEB","actorId":"7111","msg":"Evaluating action 3/4 (org.getopentest.selenium.SendKeys) in segment 1 (Type \"opentest\" in the Google search box)...","time":"2019-07-31T07:32:36.302Z","v":0}
{"name":"1564558356","hostname":"WINDOWS-KAF5MKC","pid":684,"level":10,"actorType":"WEB","actorId":"7111","msg":"TRACE: Initializing action org.getopentest.selenium.SendKeys...","time":"2019-07-31T07:32:36.308Z","v":0}
{"name":"1564558356","hostname":"WINDOWS-KAF5MKC","pid":684,"level":30,"actorType":"WEB","actorId":"7111","msg":"Executing action org.getopentest.selenium.SendKeys with arguments {\"locator\":{\"id\":\"email\"},\"text\":\"lavtechuy18@kit.edu.kh\"}...","time":"2019-07-31T07:32:36.312Z","v":0}
{"name":"1564558356","hostname":"WINDOWS-KAF5MKC","pid":684,"level":30,"actorType":"WEB","actorId":"7111","msg":"Evaluating action 4/4 (org.getopentest.selenium.SendKeys) in segment 1 (Type \"opentest\" in the Google search box)...","time":"2019-07-31T07:32:36.508Z","v":0}
{"name":"1564558356","hostname":"WINDOWS-KAF5MKC","pid":684,"level":10,"actorType":"WEB","actorId":"7111","msg":"TRACE: Initializing action org.getopentest.selenium.SendKeys...","time":"2019-07-31T07:32:36.512Z","v":0}
{"name":"1564558356","hostname":"WINDOWS-KAF5MKC","pid":684,"level":30,"actorType":"WEB","actorId":"7111","msg":"Executing action org.getopentest.selenium.SendKeys with arguments {\"locator\":{\"id\":\"password\"},\"text\":\"techuy002\"}...","time":"2019-07-31T07:32:36.517Z","v":0}
{"name":"1564558356","hostname":"WINDOWS-KAF5MKC","pid":684,"level":30,"actorType":"WEB","actorId":"7111","msg":"Test session has completed","time":"2019-07-31T07:32:37.139Z","v":0}
{"name":"1564558356","hostname":"WINDOWS-KAF5MKC","pid":684,"level":10,"actorType":"WEB","actorId":"7111","msg":"TRACE: Firing TEST_COMPLETED event...","time":"2019-07-31T07:32:37.144Z","v":0}
{"name":"1564558356","hostname":"WINDOWS-KAF5MKC","pid":684,"level":10,"actorType":"WEB","actorId":"7111","msg":"TRACE: Firing SESSION_COMPLETED event...","time":"2019-07-31T07:32:37.148Z","v":0}
{"name":"1564558356","hostname":"WINDOWS-KAF5MKC","pid":684,"level":30,"actorType":"WEB","actorId":"7111","msg":"Actor 7111 of type WEB with no tags is waiting to be acquired by a test session...","time":"2019-07-31T07:32:37.152Z","v":0}
{"name":"1564558356","hostname":"WINDOWS-KAF5MKC","pid":684,"level":10,"actorType":"WEB","actorId":"7111","msg":"TRACE: Initializing test session information in the \"announce\" method...","time":"2019-07-31T07:33:36.057Z","v":0}
{"name":"1564558356","hostname":"WINDOWS-KAF5MKC","pid":684,"level":10,"actorType":"WEB","actorId":"7111","msg":"TRACE: Session ID in sync server response was 1564558416; actor session ID was null","time":"2019-07-31T07:33:36.063Z","v":0}
