{"name":"1564564251","hostname":"WINDOWS-KAF5MKC","pid":684,"level":20,"msg":"Sync server version: 1.1.2 2019-07-21 12:11:04 -0500 c76f9953d4f6aea1ac358e22f56d826d46fd74f3","time":"2019-07-31T09:10:51.423Z","v":0}
{"name":"1564564251","hostname":"WINDOWS-KAF5MKC","pid":684,"level":30,"msg":"Acquiring actors for session 1564564251: WEB","time":"2019-07-31T09:10:51.427Z","v":0}
{"name":"1564564251","hostname":"WINDOWS-KAF5MKC","pid":684,"level":30,"msg":"Session 1564564251 with label \"todoist login 26\" started at 2019-07-31 09:10:51 UTC","time":"2019-07-31T09:10:51.429Z","v":0}
{"name":"1564564251","hostname":"WINDOWS-KAF5MKC","pid":684,"level":30,"actorType":"WEB","actorId":"9790","msg":"Actor 9790 of type WEB was acquired by test session 1564564251","time":"2019-07-31T09:10:52.988Z","v":0}
{"name":"1564564251","hostname":"WINDOWS-KAF5MKC","pid":684,"level":20,"actorType":"WEB","actorId":"9790","msg":"DEBUG: Test actor JAR versions:","time":"2019-07-31T09:10:53.004Z","v":0}
{"name":"1564564251","hostname":"WINDOWS-KAF5MKC","pid":684,"level":20,"actorType":"WEB","actorId":"9790","msg":"DEBUG:   opentest-appium-0.0.1.jar: 2019-07-21 12:11 -0500 0.0.1-c76f9953d4f6aea1ac358e22f56d826d46fd74f3","time":"2019-07-31T09:10:53.009Z","v":0}
{"name":"1564564251","hostname":"WINDOWS-KAF5MKC","pid":684,"level":20,"actorType":"WEB","actorId":"9790","msg":"DEBUG:   opentest-base-0.0.1.jar: 2019-07-21 12:11 -0500 0.0.1-c76f9953d4f6aea1ac358e22f56d826d46fd74f3","time":"2019-07-31T09:10:53.015Z","v":0}
{"name":"1564564251","hostname":"WINDOWS-KAF5MKC","pid":684,"level":20,"actorType":"WEB","actorId":"9790","msg":"DEBUG:   opentest-selenium-0.0.1.jar: 2019-07-21 12:11 -0500 0.0.1-c76f9953d4f6aea1ac358e22f56d826d46fd74f3","time":"2019-07-31T09:10:53.020Z","v":0}
{"name":"1564564251","hostname":"WINDOWS-KAF5MKC","pid":684,"level":40,"actorType":"WEB","actorId":"9790","msg":"WARN: Failed to log extension JARs","time":"2019-07-31T09:10:53.024Z","v":0}
{"name":"1564564251","hostname":"WINDOWS-KAF5MKC","pid":684,"level":30,"actorType":"WEB","actorId":"9790","msg":"==================== WEB: todoist login ====================","time":"2019-07-31T09:10:53.092Z","v":0}
{"name":"1564564251","hostname":"WINDOWS-KAF5MKC","pid":684,"level":30,"actorType":"WEB","actorId":"9790","msg":"Actor WEB started executing test todoist login...","time":"2019-07-31T09:10:53.096Z","v":0}
{"name":"1564564251","hostname":"WINDOWS-KAF5MKC","pid":684,"level":30,"actorType":"WEB","actorId":"9790","msg":"Executing segment 1 of test /todoist login...","time":"2019-07-31T09:10:53.110Z","v":0}
{"name":"1564564251","hostname":"WINDOWS-KAF5MKC","pid":684,"level":30,"actorType":"WEB","actorId":"9790","msg":"Evaluating action 1/5 (Login) in segment 1...","time":"2019-07-31T09:10:53.115Z","v":0}
{"name":"1564564251","hostname":"WINDOWS-KAF5MKC","pid":684,"level":30,"actorType":"WEB","actorId":"9790","msg":"Executing macro Login with arguments {\"password\":\"techuy002\",\"username\":\"lavtechuy18@kit.edu.kh\"}...","time":"2019-07-31T09:10:53.140Z","v":0}
{"name":"1564564251","hostname":"WINDOWS-KAF5MKC","pid":684,"level":30,"actorType":"WEB","actorId":"9790","msg":"Evaluating action 1/7 in macro Login (Navigate todolist home page)...","time":"2019-07-31T09:10:53.144Z","v":0}
{"name":"1564564251","hostname":"WINDOWS-KAF5MKC","pid":684,"level":10,"actorType":"WEB","actorId":"9790","msg":"TRACE: Initializing action org.getopentest.selenium.NavigateTo...","time":"2019-07-31T09:10:53.149Z","v":0}
{"name":"1564564251","hostname":"WINDOWS-KAF5MKC","pid":684,"level":30,"actorType":"WEB","actorId":"9790","msg":"Using local Selenium server","time":"2019-07-31T09:10:53.153Z","v":0}
{"name":"1564564251","hostname":"WINDOWS-KAF5MKC","pid":684,"level":10,"actorType":"WEB","actorId":"9790","msg":"TRACE: Setting system property \"webdriver.chrome.driver\" to \"C:/Selenium/chromedriver.exe\"","time":"2019-07-31T09:10:53.159Z","v":0}
{"name":"1564564251","hostname":"WINDOWS-KAF5MKC","pid":684,"level":30,"actorType":"WEB","actorId":"9790","msg":"Executing action org.getopentest.selenium.NavigateTo with arguments {\"url\":\"https://todoist.com/\"}...","time":"2019-07-31T09:11:02.356Z","v":0}
{"name":"1564564251","hostname":"WINDOWS-KAF5MKC","pid":684,"level":30,"actorType":"WEB","actorId":"9790","msg":"Evaluating action 2/7 in macro Login (Click on Login)...","time":"2019-07-31T09:11:04.714Z","v":0}
{"name":"1564564251","hostname":"WINDOWS-KAF5MKC","pid":684,"level":10,"actorType":"WEB","actorId":"9790","msg":"TRACE: Initializing action org.getopentest.selenium.Click...","time":"2019-07-31T09:11:04.738Z","v":0}
{"name":"1564564251","hostname":"WINDOWS-KAF5MKC","pid":684,"level":30,"actorType":"WEB","actorId":"9790","msg":"Executing action org.getopentest.selenium.Click with arguments {\"locator\":{\"css\":\"a[href='/Users/showLogin']\"}}...","time":"2019-07-31T09:11:04.744Z","v":0}
{"name":"1564564251","hostname":"WINDOWS-KAF5MKC","pid":684,"level":30,"actorType":"WEB","actorId":"9790","msg":"Evaluating action 3/7 in macro Login (Switch to the first iframe)...","time":"2019-07-31T09:11:07.087Z","v":0}
{"name":"1564564251","hostname":"WINDOWS-KAF5MKC","pid":684,"level":10,"actorType":"WEB","actorId":"9790","msg":"TRACE: Initializing action org.getopentest.selenium.SwitchToFrame...","time":"2019-07-31T09:11:07.095Z","v":0}
{"name":"1564564251","hostname":"WINDOWS-KAF5MKC","pid":684,"level":30,"actorType":"WEB","actorId":"9790","msg":"Executing action org.getopentest.selenium.SwitchToFrame with arguments {\"locator\":{\"name\":\"GB_frame\"}}...","time":"2019-07-31T09:11:07.101Z","v":0}
{"name":"1564564251","hostname":"WINDOWS-KAF5MKC","pid":684,"level":30,"actorType":"WEB","actorId":"9790","msg":"Evaluating action 4/7 in macro Login (Switch to the second iframe)...","time":"2019-07-31T09:11:07.160Z","v":0}
{"name":"1564564251","hostname":"WINDOWS-KAF5MKC","pid":684,"level":10,"actorType":"WEB","actorId":"9790","msg":"TRACE: Initializing action org.getopentest.selenium.SwitchToFrame...","time":"2019-07-31T09:11:07.168Z","v":0}
{"name":"1564564251","hostname":"WINDOWS-KAF5MKC","pid":684,"level":30,"actorType":"WEB","actorId":"9790","msg":"Executing action org.getopentest.selenium.SwitchToFrame with arguments {\"locator\":{\"id\":\"GB_frame\"}}...","time":"2019-07-31T09:11:07.174Z","v":0}
{"name":"1564564251","hostname":"WINDOWS-KAF5MKC","pid":684,"level":30,"actorType":"WEB","actorId":"9790","msg":"Evaluating action 5/7 in macro Login (Type email)...","time":"2019-07-31T09:11:07.280Z","v":0}
{"name":"1564564251","hostname":"WINDOWS-KAF5MKC","pid":684,"level":10,"actorType":"WEB","actorId":"9790","msg":"TRACE: Initializing action org.getopentest.selenium.SendKeys...","time":"2019-07-31T09:11:07.308Z","v":0}
{"name":"1564564251","hostname":"WINDOWS-KAF5MKC","pid":684,"level":30,"actorType":"WEB","actorId":"9790","msg":"Executing action org.getopentest.selenium.SendKeys with arguments {\"locator\":{\"id\":\"email\"},\"text\":\"lavtechuy18@kit.edu.kh\"}...","time":"2019-07-31T09:11:07.319Z","v":0}
{"name":"1564564251","hostname":"WINDOWS-KAF5MKC","pid":684,"level":30,"actorType":"WEB","actorId":"9790","msg":"Evaluating action 6/7 in macro Login (Type password)...","time":"2019-07-31T09:11:07.556Z","v":0}
{"name":"1564564251","hostname":"WINDOWS-KAF5MKC","pid":684,"level":10,"actorType":"WEB","actorId":"9790","msg":"TRACE: Initializing action org.getopentest.selenium.SendKeys...","time":"2019-07-31T09:11:07.568Z","v":0}
{"name":"1564564251","hostname":"WINDOWS-KAF5MKC","pid":684,"level":30,"actorType":"WEB","actorId":"9790","msg":"Executing action org.getopentest.selenium.SendKeys with arguments {\"locator\":{\"id\":\"password\"},\"text\":\"techuy002\"}...","time":"2019-07-31T09:11:07.572Z","v":0}
{"name":"1564564251","hostname":"WINDOWS-KAF5MKC","pid":684,"level":30,"actorType":"WEB","actorId":"9790","msg":"Evaluating action 7/7 in macro Login (Click the submit button)...","time":"2019-07-31T09:11:07.697Z","v":0}
{"name":"1564564251","hostname":"WINDOWS-KAF5MKC","pid":684,"level":10,"actorType":"WEB","actorId":"9790","msg":"TRACE: Initializing action org.getopentest.selenium.Click...","time":"2019-07-31T09:11:07.712Z","v":0}
{"name":"1564564251","hostname":"WINDOWS-KAF5MKC","pid":684,"level":30,"actorType":"WEB","actorId":"9790","msg":"Executing action org.getopentest.selenium.Click with arguments {\"locator\":{\"css\":\"#login_form a.submit_btn\"}}...","time":"2019-07-31T09:11:07.721Z","v":0}
{"name":"1564564251","hostname":"WINDOWS-KAF5MKC","pid":684,"level":30,"actorType":"WEB","actorId":"9790","msg":"Evaluating action 2/5 (org.getopentest.selenium.Click) in segment 1 (Click on Today)...","time":"2019-07-31T09:11:11.098Z","v":0}
{"name":"1564564251","hostname":"WINDOWS-KAF5MKC","pid":684,"level":10,"actorType":"WEB","actorId":"9790","msg":"TRACE: Initializing action org.getopentest.selenium.Click...","time":"2019-07-31T09:11:11.105Z","v":0}
{"name":"1564564251","hostname":"WINDOWS-KAF5MKC","pid":684,"level":30,"actorType":"WEB","actorId":"9790","msg":"Executing action org.getopentest.selenium.Click with arguments {\"locator\":{\"xpath\":\"//ul[@id='top_filters']//span[text()='Today']\"}}...","time":"2019-07-31T09:11:11.112Z","v":0}
{"name":"1564564251","hostname":"WINDOWS-KAF5MKC","pid":684,"level":30,"actorType":"WEB","actorId":"9790","msg":"Evaluating action 3/5 (org.getopentest.selenium.Click) in segment 1 (Click the submit button)...","time":"2019-07-31T09:11:13.322Z","v":0}
{"name":"1564564251","hostname":"WINDOWS-KAF5MKC","pid":684,"level":10,"actorType":"WEB","actorId":"9790","msg":"TRACE: Initializing action org.getopentest.selenium.Click...","time":"2019-07-31T09:11:13.326Z","v":0}
{"name":"1564564251","hostname":"WINDOWS-KAF5MKC","pid":684,"level":30,"actorType":"WEB","actorId":"9790","msg":"Executing action org.getopentest.selenium.Click with arguments {\"locator\":{\"css\":\"li.agenda_add_task a\"}}...","time":"2019-07-31T09:11:13.330Z","v":0}
{"name":"1564564251","hostname":"WINDOWS-KAF5MKC","pid":684,"level":30,"actorType":"WEB","actorId":"9790","msg":"Evaluating action 4/5 (org.getopentest.selenium.SendKeys) in segment 1 (Type something in the taskbox)...","time":"2019-07-31T09:11:13.511Z","v":0}
{"name":"1564564251","hostname":"WINDOWS-KAF5MKC","pid":684,"level":10,"actorType":"WEB","actorId":"9790","msg":"TRACE: Initializing action org.getopentest.selenium.SendKeys...","time":"2019-07-31T09:11:13.527Z","v":0}
{"name":"1564564251","hostname":"WINDOWS-KAF5MKC","pid":684,"level":30,"actorType":"WEB","actorId":"9790","msg":"Executing action org.getopentest.selenium.SendKeys with arguments {\"locator\":{\"css\":\"ul.ul_today div.public-DraftStyleDefault-block span\"},\"text\":\"Opentest integrates with jenkins\"}...","time":"2019-07-31T09:11:13.548Z","v":0}
{"name":"1564564251","hostname":"WINDOWS-KAF5MKC","pid":684,"level":30,"actorType":"WEB","actorId":"9790","msg":"Captured screenshot at D:\\KIT\\Internship\\TAF\\openTest\\no2\\actor-web\\out\\screenshots\\SID1564564251_WEB_T01_SG01_ST04_error.png","time":"2019-07-31T09:11:25.340Z","v":0}
{"name":"1564564251","hostname":"WINDOWS-KAF5MKC","pid":684,"level":50,"actorType":"WEB","actorId":"9790","msg":"ERROR: java.lang.Exception: Failed executing test /todoist login, segment 1\r\n\tat org.getopentest.base.TestActor.executeTestSegment(TestActor.java:2118)\r\n\tat org.getopentest.base.TestActor.runOneSession(TestActor.java:2839)\r\n\tat org.getopentest.base.TestActor.runOneSession(TestActor.java:2875)\r\n\tat org.getopentest.Main.main(Main.java:20)\r\nCaused by: java.lang.RuntimeException: There was an error while executing action no. 4 (org.getopentest.selenium.SendKeys) in segment 1 of test /todoist login.\nThe action definition was:\n{\n  \"action\": \"org.getopentest.selenium.SendKeys\",\n  \"args\": {\n    \"locator\": {\n      \"css\": \"ul.ul_today div.public-DraftStyleDefault-block span\"\n    },\n    \"text\": \"Opentest integrates with jenkins\"\n  },\n  \"description\": \"Type something in the taskbox\"\n}\r\n\tat org.getopentest.base.TestActor.executeTestSegment(TestActor.java:2076)\r\n\t... 3 more\r\nCaused by: java.lang.RuntimeException: Failed executing action org.getopentest.selenium.SendKeys with arguments {\"locator\":{\"css\":\"ul.ul_today div.public-DraftStyleDefault-block span\"},\"text\":\"Opentest integrates with jenkins\"}\r\n\tat org.getopentest.base.TestActor.executeActionByDef(TestActor.java:1773)\r\n\tat org.getopentest.base.TestActor.executeTestSegment(TestActor.java:2026)\r\n\t... 3 more\r\nCaused by: java.lang.RuntimeException: Failed sending keys to element By.cssSelector: ul.ul_today div.public-DraftStyleDefault-block span\r\n\tat org.getopentest.selenium.SendKeys.run(SendKeys.java:45)\r\n\tat org.getopentest.base.TestActor.executeAction(TestActor.java:1497)\r\n\tat org.getopentest.base.TestActor.executeActionByClassName(TestActor.java:1557)\r\n\tat org.getopentest.base.TestActor.executeActionByDef(TestActor.java:1657)\r\n\t... 4 more\r\nCaused by: org.openqa.selenium.TimeoutException: Expected condition failed: waiting for element to be clickable: [[ChromeDriver: chrome on XP (4dc8c28cda27dfa0e69ed0f59e4d9359)] -> css selector: ul.ul_today div.public-DraftStyleDefault-block span] (tried for 10 second(s) with 500 milliseconds interval)\nBuild info: version: '3.12.0', revision: '7c6e0b3', time: '2018-05-08T14:04:26.12Z'\nSystem info: host: 'WINDOWS-KAF5MKC', ip: '192.168.56.1', os.name: 'Windows 10', os.arch: 'x86', os.version: '10.0', java.version: '1.8.0_221'\nDriver info: org.openqa.selenium.chrome.ChromeDriver\nCapabilities {acceptInsecureCerts: false, browserName: chrome, browserVersion: 75.0.3770.142, chrome: {chromedriverVersion: 75.0.3770.140 (2d9f97485c7b..., userDataDir: C:\\Users\\User\\AppData\\Local...}, goog:chromeOptions: {debuggerAddress: localhost:61836}, javascriptEnabled: true, networkConnectionEnabled: false, pageLoadStrategy: normal, platform: XP, platformName: XP, proxy: Proxy(), setWindowRect: true, strictFileInteractability: false, timeouts: {implicit: 0, pageLoad: 300000, script: 30000}, unhandledPromptBehavior: dismiss and notify}\nSession ID: 4dc8c28cda27dfa0e69ed0f59e4d9359\r\n\tat org.openqa.selenium.support.ui.WebDriverWait.timeoutException(WebDriverWait.java:81)\r\n\tat org.openqa.selenium.support.ui.FluentWait.until(FluentWait.java:271)\r\n\tat org.getopentest.selenium.SendKeys.run(SendKeys.java:27)\r\n\t... 7 more\r\n","time":"2019-07-31T09:11:25.353Z","v":0}
{"name":"1564564251","hostname":"WINDOWS-KAF5MKC","pid":684,"level":30,"actorType":"WEB","actorId":"9790","msg":"Test session has completed","time":"2019-07-31T09:11:25.880Z","v":0}
{"name":"1564564251","hostname":"WINDOWS-KAF5MKC","pid":684,"level":10,"actorType":"WEB","actorId":"9790","msg":"TRACE: Firing TEST_COMPLETED event...","time":"2019-07-31T09:11:25.885Z","v":0}
{"name":"1564564251","hostname":"WINDOWS-KAF5MKC","pid":684,"level":10,"actorType":"WEB","actorId":"9790","msg":"TRACE: Firing SESSION_COMPLETED event...","time":"2019-07-31T09:11:26.584Z","v":0}
{"name":"1564564251","hostname":"WINDOWS-KAF5MKC","pid":684,"level":30,"actorType":"WEB","actorId":"9790","msg":"Actor 9790 of type WEB with no tags is waiting to be acquired by a test session...","time":"2019-07-31T09:11:26.603Z","v":0}
{"name":"1564564251","hostname":"WINDOWS-KAF5MKC","pid":684,"level":10,"actorType":"WEB","actorId":"9790","msg":"TRACE: Initializing test session information in the \"announce\" method...","time":"2019-07-31T09:13:42.849Z","v":0}
{"name":"1564564251","hostname":"WINDOWS-KAF5MKC","pid":684,"level":10,"actorType":"WEB","actorId":"9790","msg":"TRACE: Session ID in sync server response was 1564564421; actor session ID was null","time":"2019-07-31T09:13:42.855Z","v":0}
