{"name":"1564557826","hostname":"WINDOWS-KAF5MKC","pid":684,"level":20,"msg":"Sync server version: 1.1.2 2019-07-21 12:11:04 -0500 c76f9953d4f6aea1ac358e22f56d826d46fd74f3","time":"2019-07-31T07:23:45.909Z","v":0}
{"name":"1564557826","hostname":"WINDOWS-KAF5MKC","pid":684,"level":30,"msg":"Acquiring actors for session 1564557826: WEB","time":"2019-07-31T07:23:45.914Z","v":0}
{"name":"1564557826","hostname":"WINDOWS-KAF5MKC","pid":684,"level":30,"msg":"Session 1564557826 with label \"todoist login 9\" started at 2019-07-31 07:23:45 UTC","time":"2019-07-31T07:23:45.918Z","v":0}
{"name":"1564557826","hostname":"WINDOWS-KAF5MKC","pid":684,"level":30,"actorType":"WEB","actorId":"7111","msg":"Actor 7111 of type WEB was acquired by test session 1564557826","time":"2019-07-31T07:23:50.186Z","v":0}
{"name":"1564557826","hostname":"WINDOWS-KAF5MKC","pid":684,"level":20,"actorType":"WEB","actorId":"7111","msg":"DEBUG: Test actor JAR versions:","time":"2019-07-31T07:23:50.201Z","v":0}
{"name":"1564557826","hostname":"WINDOWS-KAF5MKC","pid":684,"level":20,"actorType":"WEB","actorId":"7111","msg":"DEBUG:   opentest-appium-0.0.1.jar: 2019-07-21 12:11 -0500 0.0.1-c76f9953d4f6aea1ac358e22f56d826d46fd74f3","time":"2019-07-31T07:23:50.205Z","v":0}
{"name":"1564557826","hostname":"WINDOWS-KAF5MKC","pid":684,"level":20,"actorType":"WEB","actorId":"7111","msg":"DEBUG:   opentest-base-0.0.1.jar: 2019-07-21 12:11 -0500 0.0.1-c76f9953d4f6aea1ac358e22f56d826d46fd74f3","time":"2019-07-31T07:23:50.210Z","v":0}
{"name":"1564557826","hostname":"WINDOWS-KAF5MKC","pid":684,"level":20,"actorType":"WEB","actorId":"7111","msg":"DEBUG:   opentest-selenium-0.0.1.jar: 2019-07-21 12:11 -0500 0.0.1-c76f9953d4f6aea1ac358e22f56d826d46fd74f3","time":"2019-07-31T07:23:50.215Z","v":0}
{"name":"1564557826","hostname":"WINDOWS-KAF5MKC","pid":684,"level":40,"actorType":"WEB","actorId":"7111","msg":"WARN: Failed to log extension JARs","time":"2019-07-31T07:23:50.219Z","v":0}
{"name":"1564557826","hostname":"WINDOWS-KAF5MKC","pid":684,"level":30,"actorType":"WEB","actorId":"7111","msg":"==================== WEB: todoist login ====================","time":"2019-07-31T07:23:50.288Z","v":0}
{"name":"1564557826","hostname":"WINDOWS-KAF5MKC","pid":684,"level":30,"actorType":"WEB","actorId":"7111","msg":"Actor WEB started executing test todoist login...","time":"2019-07-31T07:23:50.292Z","v":0}
{"name":"1564557826","hostname":"WINDOWS-KAF5MKC","pid":684,"level":30,"actorType":"WEB","actorId":"7111","msg":"Executing segment 1 of test /todoist login...","time":"2019-07-31T07:23:50.312Z","v":0}
{"name":"1564557826","hostname":"WINDOWS-KAF5MKC","pid":684,"level":30,"actorType":"WEB","actorId":"7111","msg":"Evaluating action 1/2 (org.getopentest.selenium.NavigateTo) in segment 1 (Navigate todolist home page)...","time":"2019-07-31T07:23:50.316Z","v":0}
{"name":"1564557826","hostname":"WINDOWS-KAF5MKC","pid":684,"level":10,"actorType":"WEB","actorId":"7111","msg":"TRACE: Initializing action org.getopentest.selenium.NavigateTo...","time":"2019-07-31T07:23:50.324Z","v":0}
{"name":"1564557826","hostname":"WINDOWS-KAF5MKC","pid":684,"level":30,"actorType":"WEB","actorId":"7111","msg":"Loading configuration from \"D:\\KIT\\Internship\\TAF\\openTest\\no2\\actor-web\\actor.yaml\"","time":"2019-07-31T07:23:50.330Z","v":0}
{"name":"1564557826","hostname":"WINDOWS-KAF5MKC","pid":684,"level":30,"actorType":"WEB","actorId":"7111","msg":"Using local Selenium server","time":"2019-07-31T07:23:50.337Z","v":0}
{"name":"1564557826","hostname":"WINDOWS-KAF5MKC","pid":684,"level":10,"actorType":"WEB","actorId":"7111","msg":"TRACE: Setting system property \"webdriver.chrome.driver\" to \"C:/Selenium/chromedriver.exe\"","time":"2019-07-31T07:23:50.341Z","v":0}
{"name":"1564557826","hostname":"WINDOWS-KAF5MKC","pid":684,"level":30,"actorType":"WEB","actorId":"7111","msg":"Executing action org.getopentest.selenium.NavigateTo with arguments {\"url\":\"https://todoist.com/\"}...","time":"2019-07-31T07:24:01.990Z","v":0}
{"name":"1564557826","hostname":"WINDOWS-KAF5MKC","pid":684,"level":30,"actorType":"WEB","actorId":"7111","msg":"Evaluating action 2/2 (org.getopentest.selenium.Click) in segment 1 (Click on Login)...","time":"2019-07-31T07:24:05.399Z","v":0}
{"name":"1564557826","hostname":"WINDOWS-KAF5MKC","pid":684,"level":10,"actorType":"WEB","actorId":"7111","msg":"TRACE: Initializing action org.getopentest.selenium.Click...","time":"2019-07-31T07:24:05.404Z","v":0}
{"name":"1564557826","hostname":"WINDOWS-KAF5MKC","pid":684,"level":30,"actorType":"WEB","actorId":"7111","msg":"Executing action org.getopentest.selenium.Click with arguments {\"locator\":{\"css\":\"a[href='/Users/showLogin']\"}}...","time":"2019-07-31T07:24:05.412Z","v":0}
{"name":"1564557826","hostname":"WINDOWS-KAF5MKC","pid":684,"level":30,"actorType":"WEB","actorId":"7111","msg":"Test session has completed","time":"2019-07-31T07:24:08.698Z","v":0}
{"name":"1564557826","hostname":"WINDOWS-KAF5MKC","pid":684,"level":10,"actorType":"WEB","actorId":"7111","msg":"TRACE: Firing TEST_COMPLETED event...","time":"2019-07-31T07:24:08.714Z","v":0}
{"name":"1564557826","hostname":"WINDOWS-KAF5MKC","pid":684,"level":10,"actorType":"WEB","actorId":"7111","msg":"TRACE: Firing SESSION_COMPLETED event...","time":"2019-07-31T07:24:08.721Z","v":0}
{"name":"1564557826","hostname":"WINDOWS-KAF5MKC","pid":684,"level":30,"actorType":"WEB","actorId":"7111","msg":"Actor 7111 of type WEB with no tags is waiting to be acquired by a test session...","time":"2019-07-31T07:24:08.728Z","v":0}
{"name":"1564557826","hostname":"WINDOWS-KAF5MKC","pid":684,"level":10,"actorType":"WEB","actorId":"7111","msg":"TRACE: Initializing test session information in the \"announce\" method...","time":"2019-07-31T07:32:35.920Z","v":0}
{"name":"1564557826","hostname":"WINDOWS-KAF5MKC","pid":684,"level":10,"actorType":"WEB","actorId":"7111","msg":"TRACE: Session ID in sync server response was 1564558356; actor session ID was null","time":"2019-07-31T07:32:35.926Z","v":0}
