{"name":"1564632570","hostname":"WINDOWS-KAF5MKC","pid":684,"level":20,"msg":"Sync server version: 1.1.2 2019-07-21 12:11:04 -0500 c76f9953d4f6aea1ac358e22f56d826d46fd74f3","time":"2019-08-01T04:09:29.813Z","v":0}
{"name":"1564632570","hostname":"WINDOWS-KAF5MKC","pid":684,"level":30,"msg":"Acquiring actors for session 1564632570: WEB","time":"2019-08-01T04:09:29.816Z","v":0}
{"name":"1564632570","hostname":"WINDOWS-KAF5MKC","pid":684,"level":30,"msg":"Session 1564632570 with label \"todoist login 38\" started at 2019-08-01 04:09:29 UTC","time":"2019-08-01T04:09:29.818Z","v":0}
{"name":"1564632570","hostname":"WINDOWS-KAF5MKC","pid":684,"level":30,"actorType":"WEB","actorId":"9790","msg":"Actor 9790 of type WEB was acquired by test session 1564632570","time":"2019-08-01T04:09:31.404Z","v":0}
{"name":"1564632570","hostname":"WINDOWS-KAF5MKC","pid":684,"level":20,"actorType":"WEB","actorId":"9790","msg":"DEBUG: Test actor JAR versions:","time":"2019-08-01T04:09:31.414Z","v":0}
{"name":"1564632570","hostname":"WINDOWS-KAF5MKC","pid":684,"level":20,"actorType":"WEB","actorId":"9790","msg":"DEBUG:   opentest-appium-0.0.1.jar: 2019-07-21 12:11 -0500 0.0.1-c76f9953d4f6aea1ac358e22f56d826d46fd74f3","time":"2019-08-01T04:09:31.419Z","v":0}
{"name":"1564632570","hostname":"WINDOWS-KAF5MKC","pid":684,"level":20,"actorType":"WEB","actorId":"9790","msg":"DEBUG:   opentest-base-0.0.1.jar: 2019-07-21 12:11 -0500 0.0.1-c76f9953d4f6aea1ac358e22f56d826d46fd74f3","time":"2019-08-01T04:09:31.422Z","v":0}
{"name":"1564632570","hostname":"WINDOWS-KAF5MKC","pid":684,"level":20,"actorType":"WEB","actorId":"9790","msg":"DEBUG:   opentest-selenium-0.0.1.jar: 2019-07-21 12:11 -0500 0.0.1-c76f9953d4f6aea1ac358e22f56d826d46fd74f3","time":"2019-08-01T04:09:31.425Z","v":0}
{"name":"1564632570","hostname":"WINDOWS-KAF5MKC","pid":684,"level":40,"actorType":"WEB","actorId":"9790","msg":"WARN: Failed to log extension JARs","time":"2019-08-01T04:09:31.429Z","v":0}
{"name":"1564632570","hostname":"WINDOWS-KAF5MKC","pid":684,"level":30,"actorType":"WEB","actorId":"9790","msg":"==================== WEB: todoist login ====================","time":"2019-08-01T04:09:31.459Z","v":0}
{"name":"1564632570","hostname":"WINDOWS-KAF5MKC","pid":684,"level":30,"actorType":"WEB","actorId":"9790","msg":"Actor WEB started executing test todoist login...","time":"2019-08-01T04:09:31.462Z","v":0}
{"name":"1564632570","hostname":"WINDOWS-KAF5MKC","pid":684,"level":30,"actorType":"WEB","actorId":"9790","msg":"Executing segment 1 of test /todoist login...","time":"2019-08-01T04:09:31.475Z","v":0}
{"name":"1564632570","hostname":"WINDOWS-KAF5MKC","pid":684,"level":30,"actorType":"WEB","actorId":"9790","msg":"Evaluating action 1/5 (Login) in segment 1...","time":"2019-08-01T04:09:31.478Z","v":0}
{"name":"1564632570","hostname":"WINDOWS-KAF5MKC","pid":684,"level":30,"actorType":"WEB","actorId":"9790","msg":"Executing macro Login with arguments {\"password\":\"techuy002\",\"username\":\"lavtechuy18@kit.edu.kh\"}...","time":"2019-08-01T04:09:31.493Z","v":0}
{"name":"1564632570","hostname":"WINDOWS-KAF5MKC","pid":684,"level":30,"actorType":"WEB","actorId":"9790","msg":"Evaluating action 1/7 in macro Login (Navigate todolist home page)...","time":"2019-08-01T04:09:31.496Z","v":0}
{"name":"1564632570","hostname":"WINDOWS-KAF5MKC","pid":684,"level":10,"actorType":"WEB","actorId":"9790","msg":"TRACE: Initializing action org.getopentest.selenium.NavigateTo...","time":"2019-08-01T04:09:31.500Z","v":0}
{"name":"1564632570","hostname":"WINDOWS-KAF5MKC","pid":684,"level":30,"actorType":"WEB","actorId":"9790","msg":"Using local Selenium server","time":"2019-08-01T04:09:31.504Z","v":0}
{"name":"1564632570","hostname":"WINDOWS-KAF5MKC","pid":684,"level":10,"actorType":"WEB","actorId":"9790","msg":"TRACE: Setting system property \"webdriver.chrome.driver\" to \"C:/Selenium/chromedriver.exe\"","time":"2019-08-01T04:09:31.507Z","v":0}
{"name":"1564632570","hostname":"WINDOWS-KAF5MKC","pid":684,"level":30,"actorType":"WEB","actorId":"9790","msg":"Executing action org.getopentest.selenium.NavigateTo with arguments {\"url\":\"https://todoist.com/\"}...","time":"2019-08-01T04:09:40.649Z","v":0}
{"name":"1564632570","hostname":"WINDOWS-KAF5MKC","pid":684,"level":30,"actorType":"WEB","actorId":"9790","msg":"Evaluating action 2/7 in macro Login (Click on Login)...","time":"2019-08-01T04:09:43.272Z","v":0}
{"name":"1564632570","hostname":"WINDOWS-KAF5MKC","pid":684,"level":10,"actorType":"WEB","actorId":"9790","msg":"TRACE: Initializing action org.getopentest.selenium.Click...","time":"2019-08-01T04:09:43.283Z","v":0}
{"name":"1564632570","hostname":"WINDOWS-KAF5MKC","pid":684,"level":30,"actorType":"WEB","actorId":"9790","msg":"Executing action org.getopentest.selenium.Click with arguments {\"locator\":{\"css\":\"a[href='/Users/showLogin']\"}}...","time":"2019-08-01T04:09:43.289Z","v":0}
{"name":"1564632570","hostname":"WINDOWS-KAF5MKC","pid":684,"level":30,"actorType":"WEB","actorId":"9790","msg":"Evaluating action 3/7 in macro Login (Switch to the first iframe)...","time":"2019-08-01T04:09:45.374Z","v":0}
{"name":"1564632570","hostname":"WINDOWS-KAF5MKC","pid":684,"level":10,"actorType":"WEB","actorId":"9790","msg":"TRACE: Initializing action org.getopentest.selenium.SwitchToFrame...","time":"2019-08-01T04:09:45.389Z","v":0}
{"name":"1564632570","hostname":"WINDOWS-KAF5MKC","pid":684,"level":30,"actorType":"WEB","actorId":"9790","msg":"Executing action org.getopentest.selenium.SwitchToFrame with arguments {\"locator\":{\"name\":\"GB_frame\"}}...","time":"2019-08-01T04:09:45.393Z","v":0}
{"name":"1564632570","hostname":"WINDOWS-KAF5MKC","pid":684,"level":30,"actorType":"WEB","actorId":"9790","msg":"Evaluating action 4/7 in macro Login (Switch to the second iframe)...","time":"2019-08-01T04:09:45.472Z","v":0}
{"name":"1564632570","hostname":"WINDOWS-KAF5MKC","pid":684,"level":10,"actorType":"WEB","actorId":"9790","msg":"TRACE: Initializing action org.getopentest.selenium.SwitchToFrame...","time":"2019-08-01T04:09:45.491Z","v":0}
{"name":"1564632570","hostname":"WINDOWS-KAF5MKC","pid":684,"level":30,"actorType":"WEB","actorId":"9790","msg":"Executing action org.getopentest.selenium.SwitchToFrame with arguments {\"locator\":{\"id\":\"GB_frame\"}}...","time":"2019-08-01T04:09:45.495Z","v":0}
{"name":"1564632570","hostname":"WINDOWS-KAF5MKC","pid":684,"level":30,"actorType":"WEB","actorId":"9790","msg":"Evaluating action 5/7 in macro Login (Type email)...","time":"2019-08-01T04:09:45.561Z","v":0}
{"name":"1564632570","hostname":"WINDOWS-KAF5MKC","pid":684,"level":10,"actorType":"WEB","actorId":"9790","msg":"TRACE: Initializing action org.getopentest.selenium.SendKeys...","time":"2019-08-01T04:09:45.575Z","v":0}
{"name":"1564632570","hostname":"WINDOWS-KAF5MKC","pid":684,"level":30,"actorType":"WEB","actorId":"9790","msg":"Executing action org.getopentest.selenium.SendKeys with arguments {\"locator\":{\"id\":\"email\"},\"text\":\"lavtechuy18@kit.edu.kh\"}...","time":"2019-08-01T04:09:45.584Z","v":0}
{"name":"1564632570","hostname":"WINDOWS-KAF5MKC","pid":684,"level":30,"actorType":"WEB","actorId":"9790","msg":"Evaluating action 6/7 in macro Login (Type password)...","time":"2019-08-01T04:09:45.785Z","v":0}
{"name":"1564632570","hostname":"WINDOWS-KAF5MKC","pid":684,"level":10,"actorType":"WEB","actorId":"9790","msg":"TRACE: Initializing action org.getopentest.selenium.SendKeys...","time":"2019-08-01T04:09:45.794Z","v":0}
{"name":"1564632570","hostname":"WINDOWS-KAF5MKC","pid":684,"level":30,"actorType":"WEB","actorId":"9790","msg":"Executing action org.getopentest.selenium.SendKeys with arguments {\"locator\":{\"id\":\"password\"},\"text\":\"techuy002\"}...","time":"2019-08-01T04:09:45.799Z","v":0}
{"name":"1564632570","hostname":"WINDOWS-KAF5MKC","pid":684,"level":30,"actorType":"WEB","actorId":"9790","msg":"Evaluating action 7/7 in macro Login (Click the submit button)...","time":"2019-08-01T04:09:45.922Z","v":0}
{"name":"1564632570","hostname":"WINDOWS-KAF5MKC","pid":684,"level":10,"actorType":"WEB","actorId":"9790","msg":"TRACE: Initializing action org.getopentest.selenium.Click...","time":"2019-08-01T04:09:45.928Z","v":0}
{"name":"1564632570","hostname":"WINDOWS-KAF5MKC","pid":684,"level":30,"actorType":"WEB","actorId":"9790","msg":"Executing action org.getopentest.selenium.Click with arguments {\"locator\":{\"css\":\"#login_form a.submit_btn\"}}...","time":"2019-08-01T04:09:45.934Z","v":0}
{"name":"1564632570","hostname":"WINDOWS-KAF5MKC","pid":684,"level":30,"actorType":"WEB","actorId":"9790","msg":"Evaluating action 2/5 (org.getopentest.selenium.Click) in segment 1 (Click on Today)...","time":"2019-08-01T04:09:49.037Z","v":0}
{"name":"1564632570","hostname":"WINDOWS-KAF5MKC","pid":684,"level":10,"actorType":"WEB","actorId":"9790","msg":"TRACE: Initializing action org.getopentest.selenium.Click...","time":"2019-08-01T04:09:49.040Z","v":0}
{"name":"1564632570","hostname":"WINDOWS-KAF5MKC","pid":684,"level":30,"actorType":"WEB","actorId":"9790","msg":"Executing action org.getopentest.selenium.Click with arguments {\"locator\":{\"xpath\":\"//ul[@id='top_filters']//span[text()='Today']\"}}...","time":"2019-08-01T04:09:49.045Z","v":0}
{"name":"1564632570","hostname":"WINDOWS-KAF5MKC","pid":684,"level":30,"actorType":"WEB","actorId":"9790","msg":"Evaluating action 3/5 (org.getopentest.selenium.Click) in segment 1 (Click the submit button)...","time":"2019-08-01T04:09:51.251Z","v":0}
{"name":"1564632570","hostname":"WINDOWS-KAF5MKC","pid":684,"level":10,"actorType":"WEB","actorId":"9790","msg":"TRACE: Initializing action org.getopentest.selenium.Click...","time":"2019-08-01T04:09:51.255Z","v":0}
{"name":"1564632570","hostname":"WINDOWS-KAF5MKC","pid":684,"level":30,"actorType":"WEB","actorId":"9790","msg":"Executing action org.getopentest.selenium.Click with arguments {\"locator\":{\"css\":\"li.agenda_add_task a\"}}...","time":"2019-08-01T04:09:51.258Z","v":0}
{"name":"1564632570","hostname":"WINDOWS-KAF5MKC","pid":684,"level":30,"actorType":"WEB","actorId":"9790","msg":"Evaluating action 4/5 (org.getopentest.selenium.ActionsSendKeys) in segment 1 (Type \"John Doe\")...","time":"2019-08-01T04:09:51.407Z","v":0}
{"name":"1564632570","hostname":"WINDOWS-KAF5MKC","pid":684,"level":10,"actorType":"WEB","actorId":"9790","msg":"TRACE: Initializing action org.getopentest.selenium.ActionsSendKeys...","time":"2019-08-01T04:09:51.419Z","v":0}
{"name":"1564632570","hostname":"WINDOWS-KAF5MKC","pid":684,"level":30,"actorType":"WEB","actorId":"9790","msg":"Executing action org.getopentest.selenium.ActionsSendKeys with arguments {\"text\":\"Open test integrates with jenkins\"}...","time":"2019-08-01T04:09:51.426Z","v":0}
{"name":"1564632570","hostname":"WINDOWS-KAF5MKC","pid":684,"level":30,"actorType":"WEB","actorId":"9790","msg":"Evaluating action 5/5 (org.getopentest.selenium.Click) in segment 1 (Click Add Task)...","time":"2019-08-01T04:09:51.462Z","v":0}
{"name":"1564632570","hostname":"WINDOWS-KAF5MKC","pid":684,"level":10,"actorType":"WEB","actorId":"9790","msg":"TRACE: Initializing action org.getopentest.selenium.Click...","time":"2019-08-01T04:09:51.466Z","v":0}
{"name":"1564632570","hostname":"WINDOWS-KAF5MKC","pid":684,"level":30,"actorType":"WEB","actorId":"9790","msg":"Executing action org.getopentest.selenium.Click with arguments {\"locator\":{\"css\":\"li.manager div.item_editor_actions button.item_editor_submit\"}}...","time":"2019-08-01T04:09:51.471Z","v":0}
{"name":"1564632570","hostname":"WINDOWS-KAF5MKC","pid":684,"level":30,"actorType":"WEB","actorId":"9790","msg":"Test session has completed","time":"2019-08-01T04:09:52.081Z","v":0}
{"name":"1564632570","hostname":"WINDOWS-KAF5MKC","pid":684,"level":10,"actorType":"WEB","actorId":"9790","msg":"TRACE: Firing TEST_COMPLETED event...","time":"2019-08-01T04:09:52.085Z","v":0}
{"name":"1564632570","hostname":"WINDOWS-KAF5MKC","pid":684,"level":10,"actorType":"WEB","actorId":"9790","msg":"TRACE: Firing SESSION_COMPLETED event...","time":"2019-08-01T04:09:52.754Z","v":0}
{"name":"1564632570","hostname":"WINDOWS-KAF5MKC","pid":684,"level":30,"actorType":"WEB","actorId":"9790","msg":"Actor 9790 of type WEB with no tags is waiting to be acquired by a test session...","time":"2019-08-01T04:09:52.757Z","v":0}
{"name":"1564632570","hostname":"WINDOWS-KAF5MKC","pid":684,"level":10,"actorType":"WEB","actorId":"9790","msg":"TRACE: Initializing test session information in the \"announce\" method...","time":"2019-08-01T04:11:51.026Z","v":0}
{"name":"1564632570","hostname":"WINDOWS-KAF5MKC","pid":684,"level":10,"actorType":"WEB","actorId":"9790","msg":"TRACE: Session ID in sync server response was 1564632706; actor session ID was null","time":"2019-08-01T04:11:51.031Z","v":0}
