{"name":"1564640737","hostname":"WINDOWS-KAF5MKC","pid":684,"level":20,"msg":"Sync server version: 1.1.2 2019-07-21 12:11:04 -0500 c76f9953d4f6aea1ac358e22f56d826d46fd74f3","time":"2019-08-01T06:25:36.590Z","v":0}
{"name":"1564640737","hostname":"WINDOWS-KAF5MKC","pid":684,"level":30,"msg":"Acquiring actors for session 1564640737: WEB","time":"2019-08-01T06:25:36.593Z","v":0}
{"name":"1564640737","hostname":"WINDOWS-KAF5MKC","pid":684,"level":30,"msg":"Session 1564640737 with label \"todoist login 51\" started at 2019-08-01 06:25:36 UTC","time":"2019-08-01T06:25:36.595Z","v":0}
{"name":"1564640737","hostname":"WINDOWS-KAF5MKC","pid":684,"level":30,"actorType":"WEB","actorId":"9790","msg":"Actor 9790 of type WEB was acquired by test session 1564640737","time":"2019-08-01T06:25:41.129Z","v":0}
{"name":"1564640737","hostname":"WINDOWS-KAF5MKC","pid":684,"level":20,"actorType":"WEB","actorId":"9790","msg":"DEBUG: Test actor JAR versions:","time":"2019-08-01T06:25:41.138Z","v":0}
{"name":"1564640737","hostname":"WINDOWS-KAF5MKC","pid":684,"level":20,"actorType":"WEB","actorId":"9790","msg":"DEBUG:   opentest-appium-0.0.1.jar: 2019-07-21 12:11 -0500 0.0.1-c76f9953d4f6aea1ac358e22f56d826d46fd74f3","time":"2019-08-01T06:25:41.142Z","v":0}
{"name":"1564640737","hostname":"WINDOWS-KAF5MKC","pid":684,"level":20,"actorType":"WEB","actorId":"9790","msg":"DEBUG:   opentest-base-0.0.1.jar: 2019-07-21 12:11 -0500 0.0.1-c76f9953d4f6aea1ac358e22f56d826d46fd74f3","time":"2019-08-01T06:25:41.148Z","v":0}
{"name":"1564640737","hostname":"WINDOWS-KAF5MKC","pid":684,"level":20,"actorType":"WEB","actorId":"9790","msg":"DEBUG:   opentest-selenium-0.0.1.jar: 2019-07-21 12:11 -0500 0.0.1-c76f9953d4f6aea1ac358e22f56d826d46fd74f3","time":"2019-08-01T06:25:41.152Z","v":0}
{"name":"1564640737","hostname":"WINDOWS-KAF5MKC","pid":684,"level":40,"actorType":"WEB","actorId":"9790","msg":"WARN: Failed to log extension JARs","time":"2019-08-01T06:25:41.157Z","v":0}
{"name":"1564640737","hostname":"WINDOWS-KAF5MKC","pid":684,"level":30,"actorType":"WEB","actorId":"9790","msg":"==================== WEB: todoist login ====================","time":"2019-08-01T06:25:41.202Z","v":0}
{"name":"1564640737","hostname":"WINDOWS-KAF5MKC","pid":684,"level":30,"actorType":"WEB","actorId":"9790","msg":"Actor WEB started executing test todoist login...","time":"2019-08-01T06:25:41.204Z","v":0}
{"name":"1564640737","hostname":"WINDOWS-KAF5MKC","pid":684,"level":30,"actorType":"WEB","actorId":"9790","msg":"Executing segment 1 of test /todoist login...","time":"2019-08-01T06:25:41.224Z","v":0}
{"name":"1564640737","hostname":"WINDOWS-KAF5MKC","pid":684,"level":30,"actorType":"WEB","actorId":"9790","msg":"Evaluating action 1/6 (Login) in segment 1...","time":"2019-08-01T06:25:41.229Z","v":0}
{"name":"1564640737","hostname":"WINDOWS-KAF5MKC","pid":684,"level":30,"actorType":"WEB","actorId":"9790","msg":"Executing macro Login with arguments {\"password\":\"techuy002\",\"username\":\"lavtechuy18@kit.edu.kh\"}...","time":"2019-08-01T06:25:41.248Z","v":0}
{"name":"1564640737","hostname":"WINDOWS-KAF5MKC","pid":684,"level":30,"actorType":"WEB","actorId":"9790","msg":"Evaluating action 1/7 in macro Login (Navigate todolist home page)...","time":"2019-08-01T06:25:41.252Z","v":0}
{"name":"1564640737","hostname":"WINDOWS-KAF5MKC","pid":684,"level":10,"actorType":"WEB","actorId":"9790","msg":"TRACE: Initializing action org.getopentest.selenium.NavigateTo...","time":"2019-08-01T06:25:41.255Z","v":0}
{"name":"1564640737","hostname":"WINDOWS-KAF5MKC","pid":684,"level":30,"actorType":"WEB","actorId":"9790","msg":"Using local Selenium server","time":"2019-08-01T06:25:41.259Z","v":0}
{"name":"1564640737","hostname":"WINDOWS-KAF5MKC","pid":684,"level":10,"actorType":"WEB","actorId":"9790","msg":"TRACE: Setting system property \"webdriver.chrome.driver\" to \"C:/Selenium/chromedriver.exe\"","time":"2019-08-01T06:25:41.263Z","v":0}
{"name":"1564640737","hostname":"WINDOWS-KAF5MKC","pid":684,"level":30,"actorType":"WEB","actorId":"9790","msg":"Executing action org.getopentest.selenium.NavigateTo with arguments {\"url\":\"https://todoist.com/\"}...","time":"2019-08-01T06:25:50.379Z","v":0}
{"name":"1564640737","hostname":"WINDOWS-KAF5MKC","pid":684,"level":30,"actorType":"WEB","actorId":"9790","msg":"Evaluating action 2/7 in macro Login (Click on Login)...","time":"2019-08-01T06:25:53.620Z","v":0}
{"name":"1564640737","hostname":"WINDOWS-KAF5MKC","pid":684,"level":10,"actorType":"WEB","actorId":"9790","msg":"TRACE: Initializing action org.getopentest.selenium.Click...","time":"2019-08-01T06:25:53.629Z","v":0}
{"name":"1564640737","hostname":"WINDOWS-KAF5MKC","pid":684,"level":30,"actorType":"WEB","actorId":"9790","msg":"Executing action org.getopentest.selenium.Click with arguments {\"locator\":{\"css\":\"a[href='/Users/showLogin']\"}}...","time":"2019-08-01T06:25:53.634Z","v":0}
{"name":"1564640737","hostname":"WINDOWS-KAF5MKC","pid":684,"level":30,"actorType":"WEB","actorId":"9790","msg":"Evaluating action 3/7 in macro Login (Switch to the first iframe)...","time":"2019-08-01T06:25:56.469Z","v":0}
{"name":"1564640737","hostname":"WINDOWS-KAF5MKC","pid":684,"level":10,"actorType":"WEB","actorId":"9790","msg":"TRACE: Initializing action org.getopentest.selenium.SwitchToFrame...","time":"2019-08-01T06:25:56.477Z","v":0}
{"name":"1564640737","hostname":"WINDOWS-KAF5MKC","pid":684,"level":30,"actorType":"WEB","actorId":"9790","msg":"Executing action org.getopentest.selenium.SwitchToFrame with arguments {\"locator\":{\"name\":\"GB_frame\"}}...","time":"2019-08-01T06:25:56.482Z","v":0}
{"name":"1564640737","hostname":"WINDOWS-KAF5MKC","pid":684,"level":30,"actorType":"WEB","actorId":"9790","msg":"Evaluating action 4/7 in macro Login (Switch to the second iframe)...","time":"2019-08-01T06:25:56.532Z","v":0}
{"name":"1564640737","hostname":"WINDOWS-KAF5MKC","pid":684,"level":10,"actorType":"WEB","actorId":"9790","msg":"TRACE: Initializing action org.getopentest.selenium.SwitchToFrame...","time":"2019-08-01T06:25:56.538Z","v":0}
{"name":"1564640737","hostname":"WINDOWS-KAF5MKC","pid":684,"level":30,"actorType":"WEB","actorId":"9790","msg":"Executing action org.getopentest.selenium.SwitchToFrame with arguments {\"locator\":{\"id\":\"GB_frame\"}}...","time":"2019-08-01T06:25:56.542Z","v":0}
{"name":"1564640737","hostname":"WINDOWS-KAF5MKC","pid":684,"level":30,"actorType":"WEB","actorId":"9790","msg":"Evaluating action 5/7 in macro Login (Type email)...","time":"2019-08-01T06:25:56.593Z","v":0}
{"name":"1564640737","hostname":"WINDOWS-KAF5MKC","pid":684,"level":10,"actorType":"WEB","actorId":"9790","msg":"TRACE: Initializing action org.getopentest.selenium.SendKeys...","time":"2019-08-01T06:25:56.602Z","v":0}
{"name":"1564640737","hostname":"WINDOWS-KAF5MKC","pid":684,"level":30,"actorType":"WEB","actorId":"9790","msg":"Executing action org.getopentest.selenium.SendKeys with arguments {\"locator\":{\"id\":\"email\"},\"text\":\"lavtechuy18@kit.edu.kh\"}...","time":"2019-08-01T06:25:56.605Z","v":0}
{"name":"1564640737","hostname":"WINDOWS-KAF5MKC","pid":684,"level":30,"actorType":"WEB","actorId":"9790","msg":"Evaluating action 6/7 in macro Login (Type password)...","time":"2019-08-01T06:25:56.746Z","v":0}
{"name":"1564640737","hostname":"WINDOWS-KAF5MKC","pid":684,"level":10,"actorType":"WEB","actorId":"9790","msg":"TRACE: Initializing action org.getopentest.selenium.SendKeys...","time":"2019-08-01T06:25:56.757Z","v":0}
{"name":"1564640737","hostname":"WINDOWS-KAF5MKC","pid":684,"level":30,"actorType":"WEB","actorId":"9790","msg":"Executing action org.getopentest.selenium.SendKeys with arguments {\"locator\":{\"id\":\"password\"},\"text\":\"techuy002\"}...","time":"2019-08-01T06:25:56.761Z","v":0}
{"name":"1564640737","hostname":"WINDOWS-KAF5MKC","pid":684,"level":30,"actorType":"WEB","actorId":"9790","msg":"Evaluating action 7/7 in macro Login (Click the submit button)...","time":"2019-08-01T06:25:56.874Z","v":0}
{"name":"1564640737","hostname":"WINDOWS-KAF5MKC","pid":684,"level":10,"actorType":"WEB","actorId":"9790","msg":"TRACE: Initializing action org.getopentest.selenium.Click...","time":"2019-08-01T06:25:56.879Z","v":0}
{"name":"1564640737","hostname":"WINDOWS-KAF5MKC","pid":684,"level":30,"actorType":"WEB","actorId":"9790","msg":"Executing action org.getopentest.selenium.Click with arguments {\"locator\":{\"css\":\"#login_form a.submit_btn\"}}...","time":"2019-08-01T06:25:56.886Z","v":0}
{"name":"1564640737","hostname":"WINDOWS-KAF5MKC","pid":684,"level":30,"actorType":"WEB","actorId":"9790","msg":"Evaluating action 2/6 (org.getopentest.selenium.Click) in segment 1 (Click on Today)...","time":"2019-08-01T06:25:59.864Z","v":0}
{"name":"1564640737","hostname":"WINDOWS-KAF5MKC","pid":684,"level":10,"actorType":"WEB","actorId":"9790","msg":"TRACE: Initializing action org.getopentest.selenium.Click...","time":"2019-08-01T06:25:59.871Z","v":0}
{"name":"1564640737","hostname":"WINDOWS-KAF5MKC","pid":684,"level":30,"actorType":"WEB","actorId":"9790","msg":"Executing action org.getopentest.selenium.Click with arguments {\"locator\":{\"xpath\":\"//ul[@id='top_filters']//span[text()='Today']\"}}...","time":"2019-08-01T06:25:59.874Z","v":0}
{"name":"1564640737","hostname":"WINDOWS-KAF5MKC","pid":684,"level":30,"actorType":"WEB","actorId":"9790","msg":"Evaluating action 3/6 (org.getopentest.selenium.Click) in segment 1 (Click on Add Task)...","time":"2019-08-01T06:26:01.571Z","v":0}
{"name":"1564640737","hostname":"WINDOWS-KAF5MKC","pid":684,"level":10,"actorType":"WEB","actorId":"9790","msg":"TRACE: Initializing action org.getopentest.selenium.Click...","time":"2019-08-01T06:26:01.574Z","v":0}
{"name":"1564640737","hostname":"WINDOWS-KAF5MKC","pid":684,"level":30,"actorType":"WEB","actorId":"9790","msg":"Executing action org.getopentest.selenium.Click with arguments {\"locator\":{\"css\":\"li.agenda_add_task a\"}}...","time":"2019-08-01T06:26:01.577Z","v":0}
{"name":"1564640737","hostname":"WINDOWS-KAF5MKC","pid":684,"level":30,"actorType":"WEB","actorId":"9790","msg":"Evaluating action 4/6 (org.getopentest.selenium.ActionClick) in segment 1 (Type something in the taskbox)...","time":"2019-08-01T06:26:01.728Z","v":0}
{"name":"1564640737","hostname":"WINDOWS-KAF5MKC","pid":684,"level":30,"actorType":"WEB","actorId":"9790","msg":"Captured screenshot at D:\\KIT\\Internship\\TAF\\openTest\\no2\\actor-web\\out\\screenshots\\SID1564640737_WEB_T01_SG01_ST04_error.png","time":"2019-08-01T06:26:03.093Z","v":0}
{"name":"1564640737","hostname":"WINDOWS-KAF5MKC","pid":684,"level":50,"actorType":"WEB","actorId":"9790","msg":"ERROR: java.lang.Exception: Failed executing test /todoist login, segment 1\r\n\tat org.getopentest.base.TestActor.executeTestSegment(TestActor.java:2118)\r\n\tat org.getopentest.base.TestActor.runOneSession(TestActor.java:2839)\r\n\tat org.getopentest.base.TestActor.runOneSession(TestActor.java:2875)\r\n\tat org.getopentest.Main.main(Main.java:20)\r\nCaused by: java.lang.RuntimeException: There was an error while executing action no. 4 (org.getopentest.selenium.ActionClick) in segment 1 of test /todoist login.\nThe action definition was:\n{\n  \"action\": \"org.getopentest.selenium.ActionClick\",\n  \"args\": {\n    \"locator\": {\n      \"css\": \"ul.items div.DraftEditor-root\"\n    }\n  },\n  \"description\": \"Type something in the taskbox\"\n}\r\n\tat org.getopentest.base.TestActor.executeTestSegment(TestActor.java:2076)\r\n\t... 3 more\r\nCaused by: java.lang.RuntimeException: Failed executing action org.getopentest.selenium.ActionClick with arguments {\"locator\":{\"css\":\"ul.items div.DraftEditor-root\"}}\r\n\tat org.getopentest.base.TestActor.executeActionByDef(TestActor.java:1773)\r\n\tat org.getopentest.base.TestActor.executeTestSegment(TestActor.java:2026)\r\n\t... 3 more\r\nCaused by: java.lang.RuntimeException: Failed to find test action class \"org.getopentest.selenium.ActionClick\". Most common causes to watch for are capitalization mistakes (e.g. using \"some.package.sampleAction\" instead \"some.package.SampleAction\") or spelling mistakes. If these look good, make sure the JAR file where the test action class is implemented exists in the CLASSPATH. A less common cause for this error is having a dependency conflict that prevents the test action class from instantiating.\r\n\tat org.getopentest.base.TestActor.executeActionByClassName(TestActor.java:1567)\r\n\tat org.getopentest.base.TestActor.executeActionByDef(TestActor.java:1657)\r\n\t... 4 more\r\nCaused by: java.lang.ClassNotFoundException: org.getopentest.selenium.ActionClick\r\n\tat java.net.URLClassLoader.findClass(Unknown Source)\r\n\tat java.lang.ClassLoader.loadClass(Unknown Source)\r\n\tat sun.misc.Launcher$AppClassLoader.loadClass(Unknown Source)\r\n\tat java.lang.ClassLoader.loadClass(Unknown Source)\r\n\tat java.lang.Class.forName0(Native Method)\r\n\tat java.lang.Class.forName(Unknown Source)\r\n\tat org.getopentest.base.TestActor.executeActionByClassName(TestActor.java:1552)\r\n\t... 5 more\r\n","time":"2019-08-01T06:26:03.105Z","v":0}
{"name":"1564640737","hostname":"WINDOWS-KAF5MKC","pid":684,"level":30,"actorType":"WEB","actorId":"9790","msg":"Test session has completed","time":"2019-08-01T06:26:03.612Z","v":0}
{"name":"1564640737","hostname":"WINDOWS-KAF5MKC","pid":684,"level":10,"actorType":"WEB","actorId":"9790","msg":"TRACE: Firing TEST_COMPLETED event...","time":"2019-08-01T06:26:03.616Z","v":0}
{"name":"1564640737","hostname":"WINDOWS-KAF5MKC","pid":684,"level":10,"actorType":"WEB","actorId":"9790","msg":"TRACE: Firing SESSION_COMPLETED event...","time":"2019-08-01T06:26:04.274Z","v":0}
{"name":"1564640737","hostname":"WINDOWS-KAF5MKC","pid":684,"level":30,"actorType":"WEB","actorId":"9790","msg":"Actor 9790 of type WEB with no tags is waiting to be acquired by a test session...","time":"2019-08-01T06:26:04.277Z","v":0}
{"name":"1564640737","hostname":"WINDOWS-KAF5MKC","pid":684,"level":10,"actorType":"WEB","actorId":"9790","msg":"TRACE: Initializing test session information in the \"announce\" method...","time":"2019-08-01T06:26:50.413Z","v":0}
{"name":"1564640737","hostname":"WINDOWS-KAF5MKC","pid":684,"level":10,"actorType":"WEB","actorId":"9790","msg":"TRACE: Session ID in sync server response was 1564640807; actor session ID was null","time":"2019-08-01T06:26:50.416Z","v":0}
