{"name":"1564564850","hostname":"WINDOWS-KAF5MKC","pid":684,"level":20,"msg":"Sync server version: 1.1.2 2019-07-21 12:11:04 -0500 c76f9953d4f6aea1ac358e22f56d826d46fd74f3","time":"2019-07-31T09:20:50.264Z","v":0}
{"name":"1564564850","hostname":"WINDOWS-KAF5MKC","pid":684,"level":30,"msg":"Acquiring actors for session 1564564850: WEB","time":"2019-07-31T09:20:50.266Z","v":0}
{"name":"1564564850","hostname":"WINDOWS-KAF5MKC","pid":684,"level":30,"msg":"Session 1564564850 with label \"todoist login 30\" started at 2019-07-31 09:20:50 UTC","time":"2019-07-31T09:20:50.268Z","v":0}
{"name":"1564564850","hostname":"WINDOWS-KAF5MKC","pid":684,"level":30,"actorType":"WEB","actorId":"9790","msg":"Actor 9790 of type WEB was acquired by test session 1564564850","time":"2019-07-31T09:20:53.424Z","v":0}
{"name":"1564564850","hostname":"WINDOWS-KAF5MKC","pid":684,"level":20,"actorType":"WEB","actorId":"9790","msg":"DEBUG: Test actor JAR versions:","time":"2019-07-31T09:20:53.434Z","v":0}
{"name":"1564564850","hostname":"WINDOWS-KAF5MKC","pid":684,"level":20,"actorType":"WEB","actorId":"9790","msg":"DEBUG:   opentest-appium-0.0.1.jar: 2019-07-21 12:11 -0500 0.0.1-c76f9953d4f6aea1ac358e22f56d826d46fd74f3","time":"2019-07-31T09:20:53.438Z","v":0}
{"name":"1564564850","hostname":"WINDOWS-KAF5MKC","pid":684,"level":20,"actorType":"WEB","actorId":"9790","msg":"DEBUG:   opentest-base-0.0.1.jar: 2019-07-21 12:11 -0500 0.0.1-c76f9953d4f6aea1ac358e22f56d826d46fd74f3","time":"2019-07-31T09:20:53.442Z","v":0}
{"name":"1564564850","hostname":"WINDOWS-KAF5MKC","pid":684,"level":20,"actorType":"WEB","actorId":"9790","msg":"DEBUG:   opentest-selenium-0.0.1.jar: 2019-07-21 12:11 -0500 0.0.1-c76f9953d4f6aea1ac358e22f56d826d46fd74f3","time":"2019-07-31T09:20:53.450Z","v":0}
{"name":"1564564850","hostname":"WINDOWS-KAF5MKC","pid":684,"level":40,"actorType":"WEB","actorId":"9790","msg":"WARN: Failed to log extension JARs","time":"2019-07-31T09:20:53.454Z","v":0}
{"name":"1564564850","hostname":"WINDOWS-KAF5MKC","pid":684,"level":30,"actorType":"WEB","actorId":"9790","msg":"==================== WEB: todoist login ====================","time":"2019-07-31T09:20:53.489Z","v":0}
{"name":"1564564850","hostname":"WINDOWS-KAF5MKC","pid":684,"level":30,"actorType":"WEB","actorId":"9790","msg":"Actor WEB started executing test todoist login...","time":"2019-07-31T09:20:53.493Z","v":0}
{"name":"1564564850","hostname":"WINDOWS-KAF5MKC","pid":684,"level":30,"actorType":"WEB","actorId":"9790","msg":"Executing segment 1 of test /todoist login...","time":"2019-07-31T09:20:53.507Z","v":0}
{"name":"1564564850","hostname":"WINDOWS-KAF5MKC","pid":684,"level":30,"actorType":"WEB","actorId":"9790","msg":"Evaluating action 1/5 (Login) in segment 1...","time":"2019-07-31T09:20:53.510Z","v":0}
{"name":"1564564850","hostname":"WINDOWS-KAF5MKC","pid":684,"level":30,"actorType":"WEB","actorId":"9790","msg":"Executing macro Login with arguments {\"password\":\"techuy002\",\"username\":\"lavtechuy18@kit.edu.kh\"}...","time":"2019-07-31T09:20:53.527Z","v":0}
{"name":"1564564850","hostname":"WINDOWS-KAF5MKC","pid":684,"level":30,"actorType":"WEB","actorId":"9790","msg":"Evaluating action 1/7 in macro Login (Navigate todolist home page)...","time":"2019-07-31T09:20:53.531Z","v":0}
{"name":"1564564850","hostname":"WINDOWS-KAF5MKC","pid":684,"level":10,"actorType":"WEB","actorId":"9790","msg":"TRACE: Initializing action org.getopentest.selenium.NavigateTo...","time":"2019-07-31T09:20:53.534Z","v":0}
{"name":"1564564850","hostname":"WINDOWS-KAF5MKC","pid":684,"level":30,"actorType":"WEB","actorId":"9790","msg":"Using local Selenium server","time":"2019-07-31T09:20:53.539Z","v":0}
{"name":"1564564850","hostname":"WINDOWS-KAF5MKC","pid":684,"level":10,"actorType":"WEB","actorId":"9790","msg":"TRACE: Setting system property \"webdriver.chrome.driver\" to \"C:/Selenium/chromedriver.exe\"","time":"2019-07-31T09:20:53.543Z","v":0}
{"name":"1564564850","hostname":"WINDOWS-KAF5MKC","pid":684,"level":30,"actorType":"WEB","actorId":"9790","msg":"Executing action org.getopentest.selenium.NavigateTo with arguments {\"url\":\"https://todoist.com/\"}...","time":"2019-07-31T09:21:02.749Z","v":0}
{"name":"1564564850","hostname":"WINDOWS-KAF5MKC","pid":684,"level":30,"actorType":"WEB","actorId":"9790","msg":"Evaluating action 2/7 in macro Login (Click on Login)...","time":"2019-07-31T09:21:06.643Z","v":0}
{"name":"1564564850","hostname":"WINDOWS-KAF5MKC","pid":684,"level":10,"actorType":"WEB","actorId":"9790","msg":"TRACE: Initializing action org.getopentest.selenium.Click...","time":"2019-07-31T09:21:06.661Z","v":0}
{"name":"1564564850","hostname":"WINDOWS-KAF5MKC","pid":684,"level":30,"actorType":"WEB","actorId":"9790","msg":"Executing action org.getopentest.selenium.Click with arguments {\"locator\":{\"css\":\"a[href='/Users/showLogin']\"}}...","time":"2019-07-31T09:21:06.670Z","v":0}
{"name":"1564564850","hostname":"WINDOWS-KAF5MKC","pid":684,"level":30,"actorType":"WEB","actorId":"9790","msg":"Evaluating action 3/7 in macro Login (Switch to the first iframe)...","time":"2019-07-31T09:21:08.854Z","v":0}
{"name":"1564564850","hostname":"WINDOWS-KAF5MKC","pid":684,"level":10,"actorType":"WEB","actorId":"9790","msg":"TRACE: Initializing action org.getopentest.selenium.SwitchToFrame...","time":"2019-07-31T09:21:08.863Z","v":0}
{"name":"1564564850","hostname":"WINDOWS-KAF5MKC","pid":684,"level":30,"actorType":"WEB","actorId":"9790","msg":"Executing action org.getopentest.selenium.SwitchToFrame with arguments {\"locator\":{\"name\":\"GB_frame\"}}...","time":"2019-07-31T09:21:08.872Z","v":0}
{"name":"1564564850","hostname":"WINDOWS-KAF5MKC","pid":684,"level":30,"actorType":"WEB","actorId":"9790","msg":"Evaluating action 4/7 in macro Login (Switch to the second iframe)...","time":"2019-07-31T09:21:08.924Z","v":0}
{"name":"1564564850","hostname":"WINDOWS-KAF5MKC","pid":684,"level":10,"actorType":"WEB","actorId":"9790","msg":"TRACE: Initializing action org.getopentest.selenium.SwitchToFrame...","time":"2019-07-31T09:21:08.932Z","v":0}
{"name":"1564564850","hostname":"WINDOWS-KAF5MKC","pid":684,"level":30,"actorType":"WEB","actorId":"9790","msg":"Executing action org.getopentest.selenium.SwitchToFrame with arguments {\"locator\":{\"id\":\"GB_frame\"}}...","time":"2019-07-31T09:21:08.936Z","v":0}
{"name":"1564564850","hostname":"WINDOWS-KAF5MKC","pid":684,"level":30,"actorType":"WEB","actorId":"9790","msg":"Evaluating action 5/7 in macro Login (Type email)...","time":"2019-07-31T09:21:08.991Z","v":0}
{"name":"1564564850","hostname":"WINDOWS-KAF5MKC","pid":684,"level":10,"actorType":"WEB","actorId":"9790","msg":"TRACE: Initializing action org.getopentest.selenium.SendKeys...","time":"2019-07-31T09:21:09.001Z","v":0}
{"name":"1564564850","hostname":"WINDOWS-KAF5MKC","pid":684,"level":30,"actorType":"WEB","actorId":"9790","msg":"Executing action org.getopentest.selenium.SendKeys with arguments {\"locator\":{\"id\":\"email\"},\"text\":\"lavtechuy18@kit.edu.kh\"}...","time":"2019-07-31T09:21:09.005Z","v":0}
{"name":"1564564850","hostname":"WINDOWS-KAF5MKC","pid":684,"level":30,"actorType":"WEB","actorId":"9790","msg":"Evaluating action 6/7 in macro Login (Type password)...","time":"2019-07-31T09:21:09.138Z","v":0}
{"name":"1564564850","hostname":"WINDOWS-KAF5MKC","pid":684,"level":10,"actorType":"WEB","actorId":"9790","msg":"TRACE: Initializing action org.getopentest.selenium.SendKeys...","time":"2019-07-31T09:21:09.147Z","v":0}
{"name":"1564564850","hostname":"WINDOWS-KAF5MKC","pid":684,"level":30,"actorType":"WEB","actorId":"9790","msg":"Executing action org.getopentest.selenium.SendKeys with arguments {\"locator\":{\"id\":\"password\"},\"text\":\"techuy002\"}...","time":"2019-07-31T09:21:09.152Z","v":0}
{"name":"1564564850","hostname":"WINDOWS-KAF5MKC","pid":684,"level":30,"actorType":"WEB","actorId":"9790","msg":"Evaluating action 7/7 in macro Login (Click the submit button)...","time":"2019-07-31T09:21:09.294Z","v":0}
{"name":"1564564850","hostname":"WINDOWS-KAF5MKC","pid":684,"level":10,"actorType":"WEB","actorId":"9790","msg":"TRACE: Initializing action org.getopentest.selenium.Click...","time":"2019-07-31T09:21:09.304Z","v":0}
{"name":"1564564850","hostname":"WINDOWS-KAF5MKC","pid":684,"level":30,"actorType":"WEB","actorId":"9790","msg":"Executing action org.getopentest.selenium.Click with arguments {\"locator\":{\"css\":\"#login_form a.submit_btn\"}}...","time":"2019-07-31T09:21:09.308Z","v":0}
{"name":"1564564850","hostname":"WINDOWS-KAF5MKC","pid":684,"level":30,"actorType":"WEB","actorId":"9790","msg":"Evaluating action 2/5 (org.getopentest.selenium.Click) in segment 1 (Click on Today)...","time":"2019-07-31T09:21:12.190Z","v":0}
{"name":"1564564850","hostname":"WINDOWS-KAF5MKC","pid":684,"level":10,"actorType":"WEB","actorId":"9790","msg":"TRACE: Initializing action org.getopentest.selenium.Click...","time":"2019-07-31T09:21:12.196Z","v":0}
{"name":"1564564850","hostname":"WINDOWS-KAF5MKC","pid":684,"level":30,"actorType":"WEB","actorId":"9790","msg":"Executing action org.getopentest.selenium.Click with arguments {\"locator\":{\"xpath\":\"//ul[@id='top_filters']//span[text()='Today']\"}}...","time":"2019-07-31T09:21:12.203Z","v":0}
{"name":"1564564850","hostname":"WINDOWS-KAF5MKC","pid":684,"level":30,"actorType":"WEB","actorId":"9790","msg":"Evaluating action 3/5 (org.getopentest.selenium.Click) in segment 1 (Click the submit button)...","time":"2019-07-31T09:21:14.427Z","v":0}
{"name":"1564564850","hostname":"WINDOWS-KAF5MKC","pid":684,"level":10,"actorType":"WEB","actorId":"9790","msg":"TRACE: Initializing action org.getopentest.selenium.Click...","time":"2019-07-31T09:21:14.432Z","v":0}
{"name":"1564564850","hostname":"WINDOWS-KAF5MKC","pid":684,"level":30,"actorType":"WEB","actorId":"9790","msg":"Executing action org.getopentest.selenium.Click with arguments {\"locator\":{\"css\":\"li.agenda_add_task a\"}}...","time":"2019-07-31T09:21:14.436Z","v":0}
{"name":"1564564850","hostname":"WINDOWS-KAF5MKC","pid":684,"level":30,"actorType":"WEB","actorId":"9790","msg":"Evaluating action 4/5 (org.getopentest.selenium.SendKeys) in segment 1 (Type something in the taskbox)...","time":"2019-07-31T09:21:14.603Z","v":0}
{"name":"1564564850","hostname":"WINDOWS-KAF5MKC","pid":684,"level":10,"actorType":"WEB","actorId":"9790","msg":"TRACE: Initializing action org.getopentest.selenium.SendKeys...","time":"2019-07-31T09:21:14.613Z","v":0}
{"name":"1564564850","hostname":"WINDOWS-KAF5MKC","pid":684,"level":30,"actorType":"WEB","actorId":"9790","msg":"Executing action org.getopentest.selenium.SendKeys with arguments {\"locator\":{\"css\":\"ul.ul_today ul.ul_today div.notranslate\"},\"text\":\"Opentestintegrateswithjenkins\"}...","time":"2019-07-31T09:21:14.620Z","v":0}
{"name":"1564564850","hostname":"WINDOWS-KAF5MKC","pid":684,"level":30,"actorType":"WEB","actorId":"9790","msg":"Captured screenshot at D:\\KIT\\Internship\\TAF\\openTest\\no2\\actor-web\\out\\screenshots\\SID1564564850_WEB_T01_SG01_ST04_error.png","time":"2019-07-31T09:21:26.206Z","v":0}
{"name":"1564564850","hostname":"WINDOWS-KAF5MKC","pid":684,"level":50,"actorType":"WEB","actorId":"9790","msg":"ERROR: java.lang.Exception: Failed executing test /todoist login, segment 1\r\n\tat org.getopentest.base.TestActor.executeTestSegment(TestActor.java:2118)\r\n\tat org.getopentest.base.TestActor.runOneSession(TestActor.java:2839)\r\n\tat org.getopentest.base.TestActor.runOneSession(TestActor.java:2875)\r\n\tat org.getopentest.Main.main(Main.java:20)\r\nCaused by: java.lang.RuntimeException: There was an error while executing action no. 4 (org.getopentest.selenium.SendKeys) in segment 1 of test /todoist login.\nThe action definition was:\n{\n  \"action\": \"org.getopentest.selenium.SendKeys\",\n  \"args\": {\n    \"locator\": {\n      \"css\": \"ul.ul_today ul.ul_today div.notranslate\"\n    },\n    \"text\": \"Opentestintegrateswithjenkins\"\n  },\n  \"description\": \"Type something in the taskbox\"\n}\r\n\tat org.getopentest.base.TestActor.executeTestSegment(TestActor.java:2076)\r\n\t... 3 more\r\nCaused by: java.lang.RuntimeException: Failed executing action org.getopentest.selenium.SendKeys with arguments {\"locator\":{\"css\":\"ul.ul_today ul.ul_today div.notranslate\"},\"text\":\"Opentestintegrateswithjenkins\"}\r\n\tat org.getopentest.base.TestActor.executeActionByDef(TestActor.java:1773)\r\n\tat org.getopentest.base.TestActor.executeTestSegment(TestActor.java:2026)\r\n\t... 3 more\r\nCaused by: java.lang.RuntimeException: Failed sending keys to element By.cssSelector: ul.ul_today ul.ul_today div.notranslate\r\n\tat org.getopentest.selenium.SendKeys.run(SendKeys.java:45)\r\n\tat org.getopentest.base.TestActor.executeAction(TestActor.java:1497)\r\n\tat org.getopentest.base.TestActor.executeActionByClassName(TestActor.java:1557)\r\n\tat org.getopentest.base.TestActor.executeActionByDef(TestActor.java:1657)\r\n\t... 4 more\r\nCaused by: org.openqa.selenium.TimeoutException: Expected condition failed: waiting for presence of element located by: By.cssSelector: ul.ul_today ul.ul_today div.notranslate (tried for 10 second(s) with 500 milliseconds interval)\r\n\tat org.openqa.selenium.support.ui.WebDriverWait.timeoutException(WebDriverWait.java:81)\r\n\tat org.openqa.selenium.support.ui.FluentWait.until(FluentWait.java:271)\r\n\tat org.getopentest.selenium.core.SeleniumTestAction.getElement(SeleniumTestAction.java:57)\r\n\tat org.getopentest.selenium.core.SeleniumTestAction.getElement(SeleniumTestAction.java:49)\r\n\tat org.getopentest.selenium.SendKeys.run(SendKeys.java:25)\r\n\t... 7 more\r\nCaused by: org.openqa.selenium.NoSuchElementException: Cannot locate an element using By.cssSelector: ul.ul_today ul.ul_today div.notranslate\nFor documentation on this error, please visit: http://seleniumhq.org/exceptions/no_such_element.html\nBuild info: version: '3.12.0', revision: '7c6e0b3', time: '2018-05-08T14:04:26.12Z'\nSystem info: host: 'WINDOWS-KAF5MKC', ip: '192.168.56.1', os.name: 'Windows 10', os.arch: 'x86', os.version: '10.0', java.version: '1.8.0_221'\nDriver info: driver.version: unknown\r\n\tat org.openqa.selenium.support.ui.ExpectedConditions.lambda$findElement$0(ExpectedConditions.java:896)\r\n\tat java.util.Optional.orElseThrow(Unknown Source)\r\n\tat org.openqa.selenium.support.ui.ExpectedConditions.findElement(ExpectedConditions.java:895)\r\n\tat org.openqa.selenium.support.ui.ExpectedConditions.access$000(ExpectedConditions.java:44)\r\n\tat org.openqa.selenium.support.ui.ExpectedConditions$6.apply(ExpectedConditions.java:183)\r\n\tat org.openqa.selenium.support.ui.ExpectedConditions$6.apply(ExpectedConditions.java:180)\r\n\tat org.openqa.selenium.support.ui.FluentWait.until(FluentWait.java:248)\r\n\t... 10 more\r\n","time":"2019-07-31T09:21:26.219Z","v":0}
{"name":"1564564850","hostname":"WINDOWS-KAF5MKC","pid":684,"level":30,"actorType":"WEB","actorId":"9790","msg":"Test session has completed","time":"2019-07-31T09:21:26.743Z","v":0}
{"name":"1564564850","hostname":"WINDOWS-KAF5MKC","pid":684,"level":10,"actorType":"WEB","actorId":"9790","msg":"TRACE: Firing TEST_COMPLETED event...","time":"2019-07-31T09:21:26.747Z","v":0}
{"name":"1564564850","hostname":"WINDOWS-KAF5MKC","pid":684,"level":10,"actorType":"WEB","actorId":"9790","msg":"TRACE: Firing SESSION_COMPLETED event...","time":"2019-07-31T09:21:27.441Z","v":0}
{"name":"1564564850","hostname":"WINDOWS-KAF5MKC","pid":684,"level":30,"actorType":"WEB","actorId":"9790","msg":"Actor 9790 of type WEB with no tags is waiting to be acquired by a test session...","time":"2019-07-31T09:21:27.445Z","v":0}
{"name":"1564564850","hostname":"WINDOWS-KAF5MKC","pid":684,"level":10,"actorType":"WEB","actorId":"9790","msg":"TRACE: Initializing test session information in the \"announce\" method...","time":"2019-07-31T09:27:53.742Z","v":0}
{"name":"1564564850","hostname":"WINDOWS-KAF5MKC","pid":684,"level":10,"actorType":"WEB","actorId":"9790","msg":"TRACE: Session ID in sync server response was 1564565272; actor session ID was null","time":"2019-07-31T09:27:53.746Z","v":0}
