{"name":"1564560089","hostname":"WINDOWS-KAF5MKC","pid":684,"level":20,"msg":"Sync server version: 1.1.2 2019-07-21 12:11:04 -0500 c76f9953d4f6aea1ac358e22f56d826d46fd74f3","time":"2019-07-31T08:01:28.673Z","v":0}
{"name":"1564560089","hostname":"WINDOWS-KAF5MKC","pid":684,"level":30,"msg":"Acquiring actors for session 1564560089: WEB","time":"2019-07-31T08:01:28.676Z","v":0}
{"name":"1564560089","hostname":"WINDOWS-KAF5MKC","pid":684,"level":30,"msg":"Session 1564560089 with label \"todoist login 19\" started at 2019-07-31 08:01:28 UTC","time":"2019-07-31T08:01:28.679Z","v":0}
{"name":"1564560089","hostname":"WINDOWS-KAF5MKC","pid":684,"level":30,"actorType":"WEB","actorId":"9790","msg":"Actor 9790 of type WEB was acquired by test session 1564560089","time":"2019-07-31T08:01:30.638Z","v":0}
{"name":"1564560089","hostname":"WINDOWS-KAF5MKC","pid":684,"level":20,"actorType":"WEB","actorId":"9790","msg":"DEBUG: Test actor JAR versions:","time":"2019-07-31T08:01:30.651Z","v":0}
{"name":"1564560089","hostname":"WINDOWS-KAF5MKC","pid":684,"level":20,"actorType":"WEB","actorId":"9790","msg":"DEBUG:   opentest-appium-0.0.1.jar: 2019-07-21 12:11 -0500 0.0.1-c76f9953d4f6aea1ac358e22f56d826d46fd74f3","time":"2019-07-31T08:01:30.656Z","v":0}
{"name":"1564560089","hostname":"WINDOWS-KAF5MKC","pid":684,"level":20,"actorType":"WEB","actorId":"9790","msg":"DEBUG:   opentest-base-0.0.1.jar: 2019-07-21 12:11 -0500 0.0.1-c76f9953d4f6aea1ac358e22f56d826d46fd74f3","time":"2019-07-31T08:01:30.660Z","v":0}
{"name":"1564560089","hostname":"WINDOWS-KAF5MKC","pid":684,"level":20,"actorType":"WEB","actorId":"9790","msg":"DEBUG:   opentest-selenium-0.0.1.jar: 2019-07-21 12:11 -0500 0.0.1-c76f9953d4f6aea1ac358e22f56d826d46fd74f3","time":"2019-07-31T08:01:30.664Z","v":0}
{"name":"1564560089","hostname":"WINDOWS-KAF5MKC","pid":684,"level":40,"actorType":"WEB","actorId":"9790","msg":"WARN: Failed to log extension JARs","time":"2019-07-31T08:01:30.671Z","v":0}
{"name":"1564560089","hostname":"WINDOWS-KAF5MKC","pid":684,"level":30,"actorType":"WEB","actorId":"9790","msg":"==================== WEB: todoist login ====================","time":"2019-07-31T08:01:30.719Z","v":0}
{"name":"1564560089","hostname":"WINDOWS-KAF5MKC","pid":684,"level":30,"actorType":"WEB","actorId":"9790","msg":"Actor WEB started executing test todoist login...","time":"2019-07-31T08:01:30.724Z","v":0}
{"name":"1564560089","hostname":"WINDOWS-KAF5MKC","pid":684,"level":30,"actorType":"WEB","actorId":"9790","msg":"Executing segment 1 of test /todoist login...","time":"2019-07-31T08:01:30.741Z","v":0}
{"name":"1564560089","hostname":"WINDOWS-KAF5MKC","pid":684,"level":30,"actorType":"WEB","actorId":"9790","msg":"Evaluating action 1/1 (Login) in segment 1...","time":"2019-07-31T08:01:30.746Z","v":0}
{"name":"1564560089","hostname":"WINDOWS-KAF5MKC","pid":684,"level":30,"actorType":"WEB","actorId":"9790","msg":"Executing macro Login (no arguments were provided)...","time":"2019-07-31T08:01:30.771Z","v":0}
{"name":"1564560089","hostname":"WINDOWS-KAF5MKC","pid":684,"level":30,"actorType":"WEB","actorId":"9790","msg":"Evaluating action 1/7 in macro Login (Navigate todolist home page)...","time":"2019-07-31T08:01:30.776Z","v":0}
{"name":"1564560089","hostname":"WINDOWS-KAF5MKC","pid":684,"level":10,"actorType":"WEB","actorId":"9790","msg":"TRACE: Initializing action org.getopentest.selenium.NavigateTo...","time":"2019-07-31T08:01:30.780Z","v":0}
{"name":"1564560089","hostname":"WINDOWS-KAF5MKC","pid":684,"level":30,"actorType":"WEB","actorId":"9790","msg":"Using local Selenium server","time":"2019-07-31T08:01:30.787Z","v":0}
{"name":"1564560089","hostname":"WINDOWS-KAF5MKC","pid":684,"level":10,"actorType":"WEB","actorId":"9790","msg":"TRACE: Setting system property \"webdriver.chrome.driver\" to \"C:/Selenium/chromedriver.exe\"","time":"2019-07-31T08:01:30.791Z","v":0}
{"name":"1564560089","hostname":"WINDOWS-KAF5MKC","pid":684,"level":30,"actorType":"WEB","actorId":"9790","msg":"Executing action org.getopentest.selenium.NavigateTo with arguments {\"url\":\"https://todoist.com/\"}...","time":"2019-07-31T08:01:39.976Z","v":0}
{"name":"1564560089","hostname":"WINDOWS-KAF5MKC","pid":684,"level":30,"actorType":"WEB","actorId":"9790","msg":"Evaluating action 2/7 in macro Login (Click on Login)...","time":"2019-07-31T08:01:43.387Z","v":0}
{"name":"1564560089","hostname":"WINDOWS-KAF5MKC","pid":684,"level":10,"actorType":"WEB","actorId":"9790","msg":"TRACE: Initializing action org.getopentest.selenium.Click...","time":"2019-07-31T08:01:43.473Z","v":0}
{"name":"1564560089","hostname":"WINDOWS-KAF5MKC","pid":684,"level":30,"actorType":"WEB","actorId":"9790","msg":"Executing action org.getopentest.selenium.Click with arguments {\"locator\":{\"css\":\"a[href='/Users/showLogin']\"}}...","time":"2019-07-31T08:01:43.479Z","v":0}
{"name":"1564560089","hostname":"WINDOWS-KAF5MKC","pid":684,"level":30,"actorType":"WEB","actorId":"9790","msg":"Evaluating action 3/7 in macro Login (Switch to the first iframe)...","time":"2019-07-31T08:01:45.749Z","v":0}
{"name":"1564560089","hostname":"WINDOWS-KAF5MKC","pid":684,"level":10,"actorType":"WEB","actorId":"9790","msg":"TRACE: Initializing action org.getopentest.selenium.SwitchToFrame...","time":"2019-07-31T08:01:45.760Z","v":0}
{"name":"1564560089","hostname":"WINDOWS-KAF5MKC","pid":684,"level":30,"actorType":"WEB","actorId":"9790","msg":"Executing action org.getopentest.selenium.SwitchToFrame with arguments {\"locator\":{\"name\":\"GB_frame\"}}...","time":"2019-07-31T08:01:45.765Z","v":0}
{"name":"1564560089","hostname":"WINDOWS-KAF5MKC","pid":684,"level":30,"actorType":"WEB","actorId":"9790","msg":"Evaluating action 4/7 in macro Login (Switch to the second iframe)...","time":"2019-07-31T08:01:45.821Z","v":0}
{"name":"1564560089","hostname":"WINDOWS-KAF5MKC","pid":684,"level":10,"actorType":"WEB","actorId":"9790","msg":"TRACE: Initializing action org.getopentest.selenium.SwitchToFrame...","time":"2019-07-31T08:01:45.829Z","v":0}
{"name":"1564560089","hostname":"WINDOWS-KAF5MKC","pid":684,"level":30,"actorType":"WEB","actorId":"9790","msg":"Executing action org.getopentest.selenium.SwitchToFrame with arguments {\"locator\":{\"id\":\"GB_frame\"}}...","time":"2019-07-31T08:01:45.836Z","v":0}
{"name":"1564560089","hostname":"WINDOWS-KAF5MKC","pid":684,"level":30,"actorType":"WEB","actorId":"9790","msg":"Evaluating action 5/7 in macro Login (Type email)...","time":"2019-07-31T08:01:45.891Z","v":0}
{"name":"1564560089","hostname":"WINDOWS-KAF5MKC","pid":684,"level":10,"actorType":"WEB","actorId":"9790","msg":"TRACE: Initializing action org.getopentest.selenium.SendKeys...","time":"2019-07-31T08:01:45.898Z","v":0}
{"name":"1564560089","hostname":"WINDOWS-KAF5MKC","pid":684,"level":30,"actorType":"WEB","actorId":"9790","msg":"Executing action org.getopentest.selenium.SendKeys with arguments {\"locator\":{\"id\":\"email\"},\"text\":\"lavtechuy18@kit.edu.kh\"}...","time":"2019-07-31T08:01:45.903Z","v":0}
{"name":"1564560089","hostname":"WINDOWS-KAF5MKC","pid":684,"level":30,"actorType":"WEB","actorId":"9790","msg":"Evaluating action 6/7 in macro Login (Type password)...","time":"2019-07-31T08:01:46.048Z","v":0}
{"name":"1564560089","hostname":"WINDOWS-KAF5MKC","pid":684,"level":10,"actorType":"WEB","actorId":"9790","msg":"TRACE: Initializing action org.getopentest.selenium.SendKeys...","time":"2019-07-31T08:01:46.055Z","v":0}
{"name":"1564560089","hostname":"WINDOWS-KAF5MKC","pid":684,"level":30,"actorType":"WEB","actorId":"9790","msg":"Executing action org.getopentest.selenium.SendKeys with arguments {\"locator\":{\"id\":\"password\"},\"text\":\"techuy002\"}...","time":"2019-07-31T08:01:46.060Z","v":0}
{"name":"1564560089","hostname":"WINDOWS-KAF5MKC","pid":684,"level":30,"actorType":"WEB","actorId":"9790","msg":"Evaluating action 7/7 in macro Login (Click the submit button)...","time":"2019-07-31T08:01:46.182Z","v":0}
{"name":"1564560089","hostname":"WINDOWS-KAF5MKC","pid":684,"level":10,"actorType":"WEB","actorId":"9790","msg":"TRACE: Initializing action org.getopentest.selenium.Click...","time":"2019-07-31T08:01:46.188Z","v":0}
{"name":"1564560089","hostname":"WINDOWS-KAF5MKC","pid":684,"level":30,"actorType":"WEB","actorId":"9790","msg":"Executing action org.getopentest.selenium.Click with arguments {\"locator\":{\"css\":\"#login_form a.submit_btn\"}}...","time":"2019-07-31T08:01:46.194Z","v":0}
{"name":"1564560089","hostname":"WINDOWS-KAF5MKC","pid":684,"level":30,"actorType":"WEB","actorId":"9790","msg":"Test session has completed","time":"2019-07-31T08:01:50.066Z","v":0}
{"name":"1564560089","hostname":"WINDOWS-KAF5MKC","pid":684,"level":10,"actorType":"WEB","actorId":"9790","msg":"TRACE: Firing TEST_COMPLETED event...","time":"2019-07-31T08:01:50.077Z","v":0}
{"name":"1564560089","hostname":"WINDOWS-KAF5MKC","pid":684,"level":10,"actorType":"WEB","actorId":"9790","msg":"TRACE: Firing SESSION_COMPLETED event...","time":"2019-07-31T08:01:50.740Z","v":0}
{"name":"1564560089","hostname":"WINDOWS-KAF5MKC","pid":684,"level":30,"actorType":"WEB","actorId":"9790","msg":"Actor 9790 of type WEB with no tags is waiting to be acquired by a test session...","time":"2019-07-31T08:01:50.744Z","v":0}
{"name":"1564560089","hostname":"WINDOWS-KAF5MKC","pid":684,"level":10,"actorType":"WEB","actorId":"9790","msg":"TRACE: Initializing test session information in the \"announce\" method...","time":"2019-07-31T08:11:11.380Z","v":0}
{"name":"1564560089","hostname":"WINDOWS-KAF5MKC","pid":684,"level":10,"actorType":"WEB","actorId":"9790","msg":"TRACE: Session ID in sync server response was 1564560670; actor session ID was null","time":"2019-07-31T08:11:11.384Z","v":0}
