{"name":"1574411608","hostname":"keentesting-VirtualBox","pid":5278,"level":20,"msg":"Sync server version: 1.1.4 2019-08-29 20:07:31 -0500 b66f5666d4ff411b239b3d82efe727fdbf241cf0","time":"2019-11-22T08:33:28.237Z","v":0}
{"name":"1574411608","hostname":"keentesting-VirtualBox","pid":5278,"level":30,"msg":"Acquiring actors for session 1574411608: WEB","time":"2019-11-22T08:33:28.243Z","v":0}
{"name":"1574411608","hostname":"keentesting-VirtualBox","pid":5278,"level":30,"msg":"Session 1574411608 with label \"Again 10\" started at 2019-11-22 08:33:28 UTC","time":"2019-11-22T08:33:28.252Z","v":0}
{"name":"1574411608","hostname":"keentesting-VirtualBox","pid":5278,"level":30,"actorType":"WEB","actorId":"7428","msg":"Actor 7428 of type WEB was acquired by test session 1574411608","time":"2019-11-22T08:33:30.840Z","v":0}
{"name":"1574411608","hostname":"keentesting-VirtualBox","pid":5278,"level":20,"actorType":"WEB","actorId":"7428","msg":"DEBUG: Test actor JAR versions:","time":"2019-11-22T08:33:30.865Z","v":0}
{"name":"1574411608","hostname":"keentesting-VirtualBox","pid":5278,"level":20,"actorType":"WEB","actorId":"7428","msg":"DEBUG:   opentest-appium-0.0.1.jar: 2019-08-29 20:07 -0500 0.0.1-b66f5666d4ff411b239b3d82efe727fdbf241cf0","time":"2019-11-22T08:33:30.873Z","v":0}
{"name":"1574411608","hostname":"keentesting-VirtualBox","pid":5278,"level":20,"actorType":"WEB","actorId":"7428","msg":"DEBUG:   opentest-selenium-0.0.1.jar: 2019-08-29 20:07 -0500 0.0.1-b66f5666d4ff411b239b3d82efe727fdbf241cf0","time":"2019-11-22T08:33:30.879Z","v":0}
{"name":"1574411608","hostname":"keentesting-VirtualBox","pid":5278,"level":20,"actorType":"WEB","actorId":"7428","msg":"DEBUG:   opentest-base-0.0.1.jar: 2019-08-29 20:07 -0500 0.0.1-b66f5666d4ff411b239b3d82efe727fdbf241cf0","time":"2019-11-22T08:33:30.905Z","v":0}
{"name":"1574411608","hostname":"keentesting-VirtualBox","pid":5278,"level":40,"actorType":"WEB","actorId":"7428","msg":"WARN: Failed to log extension JARs","time":"2019-11-22T08:33:30.914Z","v":0}
{"name":"1574411608","hostname":"keentesting-VirtualBox","pid":5278,"level":30,"actorType":"WEB","actorId":"7428","msg":"==================== WEB: todoist login ====================","time":"2019-11-22T08:33:31.023Z","v":0}
{"name":"1574411608","hostname":"keentesting-VirtualBox","pid":5278,"level":30,"actorType":"WEB","actorId":"7428","msg":"Actor WEB started executing test todoist login...","time":"2019-11-22T08:33:31.027Z","v":0}
{"name":"1574411608","hostname":"keentesting-VirtualBox","pid":5278,"level":30,"actorType":"WEB","actorId":"7428","msg":"Executing segment 1 of test /todoist login...","time":"2019-11-22T08:33:31.062Z","v":0}
{"name":"1574411608","hostname":"keentesting-VirtualBox","pid":5278,"level":30,"actorType":"WEB","actorId":"7428","msg":"Evaluating action 1/1 (org.getopentest.selenium.NavigateTo) in segment 1 (Load the GitHub homepage)...","time":"2019-11-22T08:33:31.068Z","v":0}
{"name":"1574411608","hostname":"keentesting-VirtualBox","pid":5278,"level":10,"actorType":"WEB","actorId":"7428","msg":"TRACE: Initializing action org.getopentest.selenium.NavigateTo...","time":"2019-11-22T08:33:31.084Z","v":0}
{"name":"1574411608","hostname":"keentesting-VirtualBox","pid":5278,"level":30,"actorType":"WEB","actorId":"7428","msg":"Loading configuration from \"/home/keentesting/Desktop/OPTest-master/actor-web/actor.yaml\"","time":"2019-11-22T08:33:31.100Z","v":0}
{"name":"1574411608","hostname":"keentesting-VirtualBox","pid":5278,"level":30,"actorType":"WEB","actorId":"7428","msg":"Using local Selenium server","time":"2019-11-22T08:33:31.121Z","v":0}
{"name":"1574411608","hostname":"keentesting-VirtualBox","pid":5278,"level":10,"actorType":"WEB","actorId":"7428","msg":"TRACE: Setting system property \"webdriver.firefox.driver\" to \"/usr/bin/geckodriver\"","time":"2019-11-22T08:33:31.129Z","v":0}
{"name":"1574411608","hostname":"keentesting-VirtualBox","pid":5278,"level":30,"actorType":"WEB","actorId":"7428","msg":"Executing action org.getopentest.selenium.NavigateTo with arguments {\"url\":\"https://google.com/\"}...","time":"2019-11-22T08:33:36.606Z","v":0}
{"name":"1574411608","hostname":"keentesting-VirtualBox","pid":5278,"level":30,"actorType":"WEB","actorId":"7428","msg":"Test session has completed","time":"2019-11-22T08:33:40.679Z","v":0}
{"name":"1574411608","hostname":"keentesting-VirtualBox","pid":5278,"level":10,"actorType":"WEB","actorId":"7428","msg":"TRACE: Firing TEST_COMPLETED event...","time":"2019-11-22T08:33:40.699Z","v":0}
{"name":"1574411608","hostname":"keentesting-VirtualBox","pid":5278,"level":10,"actorType":"WEB","actorId":"7428","msg":"TRACE: Firing SESSION_COMPLETED event...","time":"2019-11-22T08:33:40.715Z","v":0}
{"name":"1574411608","hostname":"keentesting-VirtualBox","pid":5278,"level":30,"actorType":"WEB","actorId":"7428","msg":"Actor 7428 of type WEB with no tags is waiting to be acquired by a test session...","time":"2019-11-22T08:33:40.724Z","v":0}
