{"name":"1574411538","hostname":"keentesting-VirtualBox","pid":4987,"level":20,"msg":"Sync server version: 1.1.4 2019-08-29 20:07:31 -0500 b66f5666d4ff411b239b3d82efe727fdbf241cf0","time":"2019-11-22T08:32:18.205Z","v":0}
{"name":"1574411538","hostname":"keentesting-VirtualBox","pid":4987,"level":30,"msg":"Acquiring actors for session 1574411538: WEB","time":"2019-11-22T08:32:18.209Z","v":0}
{"name":"1574411538","hostname":"keentesting-VirtualBox","pid":4987,"level":30,"msg":"Session 1574411538 with label \"Again 9\" started at 2019-11-22 08:32:18 UTC","time":"2019-11-22T08:32:18.216Z","v":0}
{"name":"1574411538","hostname":"keentesting-VirtualBox","pid":4987,"level":30,"actorType":"WEB","actorId":"39733","msg":"Actor 39733 of type WEB was acquired by test session 1574411538","time":"2019-11-22T08:32:22.724Z","v":0}
{"name":"1574411538","hostname":"keentesting-VirtualBox","pid":4987,"level":20,"actorType":"WEB","actorId":"39733","msg":"DEBUG: Test actor JAR versions:","time":"2019-11-22T08:32:22.743Z","v":0}
{"name":"1574411538","hostname":"keentesting-VirtualBox","pid":4987,"level":20,"actorType":"WEB","actorId":"39733","msg":"DEBUG:   opentest-appium-0.0.1.jar: 2019-08-29 20:07 -0500 0.0.1-b66f5666d4ff411b239b3d82efe727fdbf241cf0","time":"2019-11-22T08:32:22.756Z","v":0}
{"name":"1574411538","hostname":"keentesting-VirtualBox","pid":4987,"level":20,"actorType":"WEB","actorId":"39733","msg":"DEBUG:   opentest-selenium-0.0.1.jar: 2019-08-29 20:07 -0500 0.0.1-b66f5666d4ff411b239b3d82efe727fdbf241cf0","time":"2019-11-22T08:32:22.765Z","v":0}
{"name":"1574411538","hostname":"keentesting-VirtualBox","pid":4987,"level":20,"actorType":"WEB","actorId":"39733","msg":"DEBUG:   opentest-base-0.0.1.jar: 2019-08-29 20:07 -0500 0.0.1-b66f5666d4ff411b239b3d82efe727fdbf241cf0","time":"2019-11-22T08:32:22.794Z","v":0}
{"name":"1574411538","hostname":"keentesting-VirtualBox","pid":4987,"level":40,"actorType":"WEB","actorId":"39733","msg":"WARN: Failed to log extension JARs","time":"2019-11-22T08:32:22.801Z","v":0}
{"name":"1574411538","hostname":"keentesting-VirtualBox","pid":4987,"level":30,"actorType":"WEB","actorId":"39733","msg":"==================== WEB: todoist login ====================","time":"2019-11-22T08:32:22.918Z","v":0}
{"name":"1574411538","hostname":"keentesting-VirtualBox","pid":4987,"level":30,"actorType":"WEB","actorId":"39733","msg":"Actor WEB started executing test todoist login...","time":"2019-11-22T08:32:22.923Z","v":0}
{"name":"1574411538","hostname":"keentesting-VirtualBox","pid":4987,"level":30,"actorType":"WEB","actorId":"39733","msg":"Executing segment 1 of test /todoist login...","time":"2019-11-22T08:32:22.955Z","v":0}
{"name":"1574411538","hostname":"keentesting-VirtualBox","pid":4987,"level":30,"actorType":"WEB","actorId":"39733","msg":"Evaluating action 1/1 (org.getopentest.selenium.NavigateTo) in segment 1 (Load the GitHub homepage)...","time":"2019-11-22T08:32:22.961Z","v":0}
{"name":"1574411538","hostname":"keentesting-VirtualBox","pid":4987,"level":10,"actorType":"WEB","actorId":"39733","msg":"TRACE: Initializing action org.getopentest.selenium.NavigateTo...","time":"2019-11-22T08:32:22.976Z","v":0}
{"name":"1574411538","hostname":"keentesting-VirtualBox","pid":4987,"level":30,"actorType":"WEB","actorId":"39733","msg":"Loading configuration from \"/home/keentesting/Desktop/OPTest-master/actor-web/actor.yaml\"","time":"2019-11-22T08:32:22.987Z","v":0}
{"name":"1574411538","hostname":"keentesting-VirtualBox","pid":4987,"level":30,"actorType":"WEB","actorId":"39733","msg":"Using local Selenium server","time":"2019-11-22T08:32:23.000Z","v":0}
{"name":"1574411538","hostname":"keentesting-VirtualBox","pid":4987,"level":10,"actorType":"WEB","actorId":"39733","msg":"TRACE: Setting system property \"webdriver.firefox.driver\" to \"/usr/bin/geckodriver\"","time":"2019-11-22T08:32:23.006Z","v":0}
{"name":"1574411538","hostname":"keentesting-VirtualBox","pid":4987,"level":30,"actorType":"WEB","actorId":"39733","msg":"Executing action org.getopentest.selenium.NavigateTo with arguments {\"url\":\"https://google.com/\"}...","time":"2019-11-22T08:32:29.382Z","v":0}
{"name":"1574411538","hostname":"keentesting-VirtualBox","pid":4987,"level":30,"actorType":"WEB","actorId":"39733","msg":"Test session has completed","time":"2019-11-22T08:32:35.351Z","v":0}
{"name":"1574411538","hostname":"keentesting-VirtualBox","pid":4987,"level":10,"actorType":"WEB","actorId":"39733","msg":"TRACE: Firing TEST_COMPLETED event...","time":"2019-11-22T08:32:35.365Z","v":0}
{"name":"1574411538","hostname":"keentesting-VirtualBox","pid":4987,"level":10,"actorType":"WEB","actorId":"39733","msg":"TRACE: Firing SESSION_COMPLETED event...","time":"2019-11-22T08:32:35.374Z","v":0}
{"name":"1574411538","hostname":"keentesting-VirtualBox","pid":4987,"level":30,"actorType":"WEB","actorId":"39733","msg":"Actor 39733 of type WEB with no tags is waiting to be acquired by a test session...","time":"2019-11-22T08:32:35.383Z","v":0}
