{"name":"1574411687","hostname":"keentesting-VirtualBox","pid":5554,"level":20,"msg":"Sync server version: 1.1.4 2019-08-29 20:07:31 -0500 b66f5666d4ff411b239b3d82efe727fdbf241cf0","time":"2019-11-22T08:34:46.801Z","v":0}
{"name":"1574411687","hostname":"keentesting-VirtualBox","pid":5554,"level":30,"msg":"Acquiring actors for session 1574411687: WEB","time":"2019-11-22T08:34:46.806Z","v":0}
{"name":"1574411687","hostname":"keentesting-VirtualBox","pid":5554,"level":30,"msg":"Session 1574411687 with label \"Again 11\" started at 2019-11-22 08:34:46 UTC","time":"2019-11-22T08:34:46.813Z","v":0}
{"name":"1574411687","hostname":"keentesting-VirtualBox","pid":5554,"level":30,"actorType":"WEB","actorId":"23829","msg":"Actor 23829 of type WEB was acquired by test session 1574411687","time":"2019-11-22T08:34:51.777Z","v":0}
{"name":"1574411687","hostname":"keentesting-VirtualBox","pid":5554,"level":20,"actorType":"WEB","actorId":"23829","msg":"DEBUG: Test actor JAR versions:","time":"2019-11-22T08:34:51.795Z","v":0}
{"name":"1574411687","hostname":"keentesting-VirtualBox","pid":5554,"level":20,"actorType":"WEB","actorId":"23829","msg":"DEBUG:   opentest-appium-0.0.1.jar: 2019-08-29 20:07 -0500 0.0.1-b66f5666d4ff411b239b3d82efe727fdbf241cf0","time":"2019-11-22T08:34:51.808Z","v":0}
{"name":"1574411687","hostname":"keentesting-VirtualBox","pid":5554,"level":20,"actorType":"WEB","actorId":"23829","msg":"DEBUG:   opentest-selenium-0.0.1.jar: 2019-08-29 20:07 -0500 0.0.1-b66f5666d4ff411b239b3d82efe727fdbf241cf0","time":"2019-11-22T08:34:51.817Z","v":0}
{"name":"1574411687","hostname":"keentesting-VirtualBox","pid":5554,"level":20,"actorType":"WEB","actorId":"23829","msg":"DEBUG:   opentest-base-0.0.1.jar: 2019-08-29 20:07 -0500 0.0.1-b66f5666d4ff411b239b3d82efe727fdbf241cf0","time":"2019-11-22T08:34:51.836Z","v":0}
{"name":"1574411687","hostname":"keentesting-VirtualBox","pid":5554,"level":40,"actorType":"WEB","actorId":"23829","msg":"WARN: Failed to log extension JARs","time":"2019-11-22T08:34:51.846Z","v":0}
{"name":"1574411687","hostname":"keentesting-VirtualBox","pid":5554,"level":30,"actorType":"WEB","actorId":"23829","msg":"==================== WEB: todoist login ====================","time":"2019-11-22T08:34:51.939Z","v":0}
{"name":"1574411687","hostname":"keentesting-VirtualBox","pid":5554,"level":30,"actorType":"WEB","actorId":"23829","msg":"Actor WEB started executing test todoist login...","time":"2019-11-22T08:34:51.943Z","v":0}
{"name":"1574411687","hostname":"keentesting-VirtualBox","pid":5554,"level":30,"actorType":"WEB","actorId":"23829","msg":"Executing segment 1 of test /todoist login...","time":"2019-11-22T08:34:51.975Z","v":0}
{"name":"1574411687","hostname":"keentesting-VirtualBox","pid":5554,"level":30,"actorType":"WEB","actorId":"23829","msg":"Evaluating action 1/1 (org.getopentest.selenium.NavigateTo) in segment 1 (Load the GitHub homepage)...","time":"2019-11-22T08:34:51.981Z","v":0}
{"name":"1574411687","hostname":"keentesting-VirtualBox","pid":5554,"level":10,"actorType":"WEB","actorId":"23829","msg":"TRACE: Initializing action org.getopentest.selenium.NavigateTo...","time":"2019-11-22T08:34:51.992Z","v":0}
{"name":"1574411687","hostname":"keentesting-VirtualBox","pid":5554,"level":30,"actorType":"WEB","actorId":"23829","msg":"Loading configuration from \"/home/keentesting/Desktop/OPTest-master/actor-web/actor.yaml\"","time":"2019-11-22T08:34:52.002Z","v":0}
{"name":"1574411687","hostname":"keentesting-VirtualBox","pid":5554,"level":30,"actorType":"WEB","actorId":"23829","msg":"Using local Selenium server","time":"2019-11-22T08:34:52.015Z","v":0}
{"name":"1574411687","hostname":"keentesting-VirtualBox","pid":5554,"level":10,"actorType":"WEB","actorId":"23829","msg":"TRACE: Setting system property \"webdriver.firefox.driver\" to \"/usr/bin/geckodriver\"","time":"2019-11-22T08:34:52.022Z","v":0}
{"name":"1574411687","hostname":"keentesting-VirtualBox","pid":5554,"level":30,"actorType":"WEB","actorId":"23829","msg":"Executing action org.getopentest.selenium.NavigateTo with arguments {\"url\":\"https://google.com/\"}...","time":"2019-11-22T08:34:57.223Z","v":0}
{"name":"1574411687","hostname":"keentesting-VirtualBox","pid":5554,"level":30,"actorType":"WEB","actorId":"23829","msg":"Test session has completed","time":"2019-11-22T08:35:00.117Z","v":0}
{"name":"1574411687","hostname":"keentesting-VirtualBox","pid":5554,"level":10,"actorType":"WEB","actorId":"23829","msg":"TRACE: Firing TEST_COMPLETED event...","time":"2019-11-22T08:35:00.132Z","v":0}
{"name":"1574411687","hostname":"keentesting-VirtualBox","pid":5554,"level":10,"actorType":"WEB","actorId":"23829","msg":"TRACE: Firing SESSION_COMPLETED event...","time":"2019-11-22T08:35:00.143Z","v":0}
{"name":"1574411687","hostname":"keentesting-VirtualBox","pid":5554,"level":30,"actorType":"WEB","actorId":"23829","msg":"Actor 23829 of type WEB with no tags is waiting to be acquired by a test session...","time":"2019-11-22T08:35:00.150Z","v":0}
