{"name":"1574411750","hostname":"keentesting-VirtualBox","pid":5807,"level":20,"msg":"Sync server version: 1.1.4 2019-08-29 20:07:31 -0500 b66f5666d4ff411b239b3d82efe727fdbf241cf0","time":"2019-11-22T08:35:50.054Z","v":0}
{"name":"1574411750","hostname":"keentesting-VirtualBox","pid":5807,"level":30,"msg":"Acquiring actors for session 1574411750: WEB","time":"2019-11-22T08:35:50.060Z","v":0}
{"name":"1574411750","hostname":"keentesting-VirtualBox","pid":5807,"level":30,"msg":"Session 1574411750 with label \"Again 12\" started at 2019-11-22 08:35:50 UTC","time":"2019-11-22T08:35:50.069Z","v":0}
{"name":"1574411750","hostname":"keentesting-VirtualBox","pid":5807,"level":30,"actorType":"WEB","actorId":"35405","msg":"Actor 35405 of type WEB was acquired by test session 1574411750","time":"2019-11-22T08:35:54.855Z","v":0}
{"name":"1574411750","hostname":"keentesting-VirtualBox","pid":5807,"level":20,"actorType":"WEB","actorId":"35405","msg":"DEBUG: Test actor JAR versions:","time":"2019-11-22T08:35:54.862Z","v":0}
{"name":"1574411750","hostname":"keentesting-VirtualBox","pid":5807,"level":20,"actorType":"WEB","actorId":"35405","msg":"DEBUG:   opentest-appium-0.0.1.jar: 2019-08-29 20:07 -0500 0.0.1-b66f5666d4ff411b239b3d82efe727fdbf241cf0","time":"2019-11-22T08:35:54.868Z","v":0}
{"name":"1574411750","hostname":"keentesting-VirtualBox","pid":5807,"level":20,"actorType":"WEB","actorId":"35405","msg":"DEBUG:   opentest-selenium-0.0.1.jar: 2019-08-29 20:07 -0500 0.0.1-b66f5666d4ff411b239b3d82efe727fdbf241cf0","time":"2019-11-22T08:35:54.875Z","v":0}
{"name":"1574411750","hostname":"keentesting-VirtualBox","pid":5807,"level":20,"actorType":"WEB","actorId":"35405","msg":"DEBUG:   opentest-base-0.0.1.jar: 2019-08-29 20:07 -0500 0.0.1-b66f5666d4ff411b239b3d82efe727fdbf241cf0","time":"2019-11-22T08:35:54.880Z","v":0}
{"name":"1574411750","hostname":"keentesting-VirtualBox","pid":5807,"level":40,"actorType":"WEB","actorId":"35405","msg":"WARN: Failed to log extension JARs","time":"2019-11-22T08:35:54.891Z","v":0}
{"name":"1574411750","hostname":"keentesting-VirtualBox","pid":5807,"level":30,"actorType":"WEB","actorId":"35405","msg":"==================== WEB: todoist login ====================","time":"2019-11-22T08:35:55.018Z","v":0}
{"name":"1574411750","hostname":"keentesting-VirtualBox","pid":5807,"level":30,"actorType":"WEB","actorId":"35405","msg":"Actor WEB started executing test todoist login...","time":"2019-11-22T08:35:55.022Z","v":0}
{"name":"1574411750","hostname":"keentesting-VirtualBox","pid":5807,"level":30,"actorType":"WEB","actorId":"35405","msg":"Executing segment 1 of test /todoist login...","time":"2019-11-22T08:35:55.051Z","v":0}
{"name":"1574411750","hostname":"keentesting-VirtualBox","pid":5807,"level":30,"actorType":"WEB","actorId":"35405","msg":"Evaluating action 1/1 (org.getopentest.selenium.NavigateTo) in segment 1 (Load the GitHub homepage)...","time":"2019-11-22T08:35:55.057Z","v":0}
{"name":"1574411750","hostname":"keentesting-VirtualBox","pid":5807,"level":10,"actorType":"WEB","actorId":"35405","msg":"TRACE: Initializing action org.getopentest.selenium.NavigateTo...","time":"2019-11-22T08:35:55.067Z","v":0}
{"name":"1574411750","hostname":"keentesting-VirtualBox","pid":5807,"level":30,"actorType":"WEB","actorId":"35405","msg":"Loading configuration from \"/home/keentesting/Desktop/OPTest-master/actor-web/actor.yaml\"","time":"2019-11-22T08:35:55.079Z","v":0}
{"name":"1574411750","hostname":"keentesting-VirtualBox","pid":5807,"level":30,"actorType":"WEB","actorId":"35405","msg":"Using local Selenium server","time":"2019-11-22T08:35:55.094Z","v":0}
{"name":"1574411750","hostname":"keentesting-VirtualBox","pid":5807,"level":10,"actorType":"WEB","actorId":"35405","msg":"TRACE: Setting system property \"webdriver.firefox.driver\" to \"/usr/bin/geckodriver\"","time":"2019-11-22T08:35:55.101Z","v":0}
{"name":"1574411750","hostname":"keentesting-VirtualBox","pid":5807,"level":30,"actorType":"WEB","actorId":"35405","msg":"Executing action org.getopentest.selenium.NavigateTo with arguments {\"url\":\"https://google.com/\"}...","time":"2019-11-22T08:35:59.126Z","v":0}
{"name":"1574411750","hostname":"keentesting-VirtualBox","pid":5807,"level":30,"actorType":"WEB","actorId":"35405","msg":"Test session has completed","time":"2019-11-22T08:36:02.044Z","v":0}
{"name":"1574411750","hostname":"keentesting-VirtualBox","pid":5807,"level":10,"actorType":"WEB","actorId":"35405","msg":"TRACE: Firing TEST_COMPLETED event...","time":"2019-11-22T08:36:02.060Z","v":0}
{"name":"1574411750","hostname":"keentesting-VirtualBox","pid":5807,"level":10,"actorType":"WEB","actorId":"35405","msg":"TRACE: Firing SESSION_COMPLETED event...","time":"2019-11-22T08:36:02.067Z","v":0}
{"name":"1574411750","hostname":"keentesting-VirtualBox","pid":5807,"level":30,"actorType":"WEB","actorId":"35405","msg":"Actor 35405 of type WEB with no tags is waiting to be acquired by a test session...","time":"2019-11-22T08:36:02.073Z","v":0}
{"name":"1574411750","hostname":"keentesting-VirtualBox","pid":5807,"level":10,"actorType":"WEB","actorId":"35405","msg":"TRACE: Initializing test session information in the \"announce\" method...","time":"2019-11-22T08:37:14.435Z","v":0}
{"name":"1574411750","hostname":"keentesting-VirtualBox","pid":5807,"level":10,"actorType":"WEB","actorId":"35405","msg":"TRACE: Session ID in sync server response was 1574411832; actor session ID was null","time":"2019-11-22T08:37:14.440Z","v":0}
